<?xml version="1.0" encoding="UTF-8"?>
<robot generator="Robot 6.1.1 (Python 3.11.5 on win32)" generated="20240814 12:14:40.572" rpa="false" schemaversion="4">
<suite id="s1" name="Tests" source="D:\NGP\Repo\vgpf-automation-tests-api-13-08\tests">
<suite id="s1-s1" name="Auth" source="D:\NGP\Repo\vgpf-automation-tests-api-13-08\tests\auth">
<suite id="s1-s1-s1" name="Auth" source="D:\NGP\Repo\vgpf-automation-tests-api-13-08\tests\auth\auth.robot">
<test id="s1-s1-s1-t1" name="Test Case to generate OAuth Token" line="5">
<kw name="Set Log Level" library="BuiltIn">
<arg>WARN</arg>
<doc>Sets the log threshold to the specified level and returns the old level.</doc>
<status status="PASS" starttime="20240814 12:14:42.620" endtime="20240814 12:14:42.620"/>
</kw>
<kw name="Generate OAuth Token" library="auth">
<var>${auth_token}</var>
<kw name="Set Variable" library="BuiltIn">
<var>${cache_key}</var>
<arg>api-session</arg>
<doc>Returns the given values which can then be assigned to a variables.</doc>
<status status="PASS" starttime="20240814 12:14:42.620" endtime="20240814 12:14:42.620"/>
</kw>
<kw name="Cache Retrieve Value" library="CacheLibrary">
<var>${cached_token}</var>
<arg>${cache_key}</arg>
<doc>Retrieve a value from the cache.</doc>
<status status="PASS" starttime="20240814 12:14:42.620" endtime="20240814 12:14:42.648"/>
</kw>
<if>
<branch type="IF" condition="$cached_token is not $None">
<kw name="Set Variable" library="BuiltIn">
<var>${auth_token}</var>
<arg>${cached_token}</arg>
<doc>Returns the given values which can then be assigned to a variables.</doc>
<status status="NOT RUN" starttime="20240814 12:14:42.648" endtime="20240814 12:14:42.648"/>
</kw>
<kw name="Set Global Variable" library="BuiltIn">
<arg>${auth_token}</arg>
<doc>Makes a variable available globally in all tests and suites.</doc>
<status status="NOT RUN" starttime="20240814 12:14:42.648" endtime="20240814 12:14:42.648"/>
</kw>
<return>
<value>${auth_token}</value>
<status status="NOT RUN" starttime="20240814 12:14:42.648" endtime="20240814 12:14:42.648"/>
</return>
<status status="NOT RUN" starttime="20240814 12:14:42.648" endtime="20240814 12:14:42.648"/>
</branch>
<status status="PASS" starttime="20240814 12:14:42.648" endtime="20240814 12:14:42.648"/>
</if>
<kw name="Generate Code Verifier" library="PKCELibrary">
<var>${code_verifier}</var>
<arg>43</arg>
<status status="PASS" starttime="20240814 12:14:42.648" endtime="20240814 12:14:42.652"/>
</kw>
<kw name="Set Suite Variable" library="BuiltIn">
<arg>${code_verifier}</arg>
<doc>Makes a variable available everywhere within the scope of the current suite.</doc>
<status status="PASS" starttime="20240814 12:14:42.652" endtime="20240814 12:14:42.652"/>
</kw>
<kw name="Generate Code Challenge" library="PKCELibrary">
<var>${code_challenge}</var>
<arg>${code_verifier}</arg>
<status status="PASS" starttime="20240814 12:14:42.652" endtime="20240814 12:14:42.652"/>
</kw>
<kw name="Set Suite Variable" library="BuiltIn">
<arg>${code_challenge}</arg>
<doc>Makes a variable available everywhere within the scope of the current suite.</doc>
<status status="PASS" starttime="20240814 12:14:42.652" endtime="20240814 12:14:42.652"/>
</kw>
<kw name="Set Variable" library="BuiltIn">
<var>${URL}</var>
<arg>https://testvgnext.b2clogin.com/testvgnext.onmicrosoft.com/B2C_1A_SIGNIN/oauth2/v2.0/authorize?client_id=${client_id}&amp;response_type=code&amp;redirect_uri=${redirect_uri}&amp;response_mode=query&amp;scope=${scope}&amp;code_challenge=${code_challenge}&amp;code_challenge_method=${code_challenge_method}</arg>
<doc>Returns the given values which can then be assigned to a variables.</doc>
<status status="PASS" starttime="20240814 12:14:42.652" endtime="20240814 12:14:42.652"/>
</kw>
<kw name="Enter login Details and Capture URL" library="auth">
<var>${response_url}</var>
<arg>${URL}</arg>
<arg>${AUTH_USER_NAME}</arg>
<arg>${AUTH_PASSWORD}</arg>
<kw name="Launch Web Application" library="common">
<arg>${BROWSER_NAME}</arg>
<arg>${URL}</arg>
<doc>Launch the browser and application depending on the arguments we pass</doc>
<kw name="Run Keyword And Return Status" library="BuiltIn">
<var>${session}</var>
<arg>SeleniumLibrary.Get Session Id</arg>
<doc>Runs the given keyword with given arguments and returns the status as a Boolean value.</doc>
<kw name="Get Session Id" library="SeleniumLibrary">
<doc>Returns the currently active browser session id.</doc>
<msg timestamp="20240814 12:14:42.652" level="FAIL">No browser is open.</msg>
<status status="FAIL" starttime="20240814 12:14:42.652" endtime="20240814 12:14:42.661"/>
</kw>
<status status="PASS" starttime="20240814 12:14:42.652" endtime="20240814 12:14:42.661"/>
</kw>
<if>
<branch type="IF" condition="'${session}'=='True'">
<kw name="Delete All Cookies" library="SeleniumLibrary">
<doc>Deletes all cookies.</doc>
<status status="NOT RUN" starttime="20240814 12:14:42.661" endtime="20240814 12:14:42.661"/>
</kw>
<kw name="Go To" library="SeleniumLibrary">
<arg>${url}</arg>
<doc>Navigates the current browser window to the provided ``url``.</doc>
<status status="NOT RUN" starttime="20240814 12:14:42.661" endtime="20240814 12:14:42.661"/>
</kw>
<status status="NOT RUN" starttime="20240814 12:14:42.661" endtime="20240814 12:14:42.661"/>
</branch>
<branch type="ELSE">
<kw name="Launch Browser" library="common">
<arg>${browser_name}</arg>
<arg>${url}</arg>
<doc>Launch the browser in Chrome, Firefox, Edge, or Safari with a fixed size.</doc>
<if>
<branch type="IF" condition="'${browser_name}'=='Chrome' or '${browser_name}'=='chrome' or '${browser_name}'=='gc'">
<kw name="Open Chrome Browser" library="CustomLibrary">
<arg>${url}</arg>
<doc>Return the True if Chrome browser opened</doc>
<status status="PASS" starttime="20240814 12:14:42.661" endtime="20240814 12:14:46.083"/>
</kw>
<status status="PASS" starttime="20240814 12:14:42.661" endtime="20240814 12:14:46.083"/>
</branch>
<branch type="ELSE IF" condition="'${browser_name}'=='Firefox' or '${browser_name}'=='firefox' or '${browser_name}'=='ff'">
<kw name="Browser.Open Browser">
<arg>${url}</arg>
<arg>Firefox</arg>
<status status="NOT RUN" starttime="20240814 12:14:46.095" endtime="20240814 12:14:46.095"/>
</kw>
<status status="NOT RUN" starttime="20240814 12:14:46.083" endtime="20240814 12:14:46.095"/>
</branch>
<branch type="ELSE IF" condition="'${browser_name}'=='Microsoft Edge' or '${browser_name}'=='Edge' or '${browser_name}'=='edge'">
<kw name="Browser.Open Browser">
<arg>${url}</arg>
<arg>Edge</arg>
<status status="NOT RUN" starttime="20240814 12:14:46.103" endtime="20240814 12:14:46.103"/>
</kw>
<status status="NOT RUN" starttime="20240814 12:14:46.095" endtime="20240814 12:14:46.103"/>
</branch>
<branch type="ELSE IF" condition="'${browser_name}'=='Safari' or '${browser_name}'=='safari' or '${browser_name}'=='sf'">
<kw name="Browser.Open Browser">
<arg>${url}</arg>
<arg>Safari</arg>
<status status="NOT RUN" starttime="20240814 12:14:46.111" endtime="20240814 12:14:46.111"/>
</kw>
<status status="NOT RUN" starttime="20240814 12:14:46.103" endtime="20240814 12:14:46.111"/>
</branch>
<branch type="ELSE IF" condition="'${browser_name}'=='Headless' or '${browser_name}'=='hls'">
<kw name="Open Headless Chrome" library="CustomLibrary">
<arg>${url}</arg>
<doc>Return the True if Chrome browser opened</doc>
<status status="NOT RUN" starttime="20240814 12:14:46.111" endtime="20240814 12:14:46.111"/>
</kw>
<status status="NOT RUN" starttime="20240814 12:14:46.111" endtime="20240814 12:14:46.111"/>
</branch>
<branch type="ELSE">
<kw name="Fail" library="BuiltIn">
<arg>${browser_name} is not a valid browser</arg>
<doc>Fails the test with the given message and optionally alters its tags.</doc>
<status status="NOT RUN" starttime="20240814 12:14:46.111" endtime="20240814 12:14:46.111"/>
</kw>
<status status="NOT RUN" starttime="20240814 12:14:46.111" endtime="20240814 12:14:46.111"/>
</branch>
<status status="PASS" starttime="20240814 12:14:42.661" endtime="20240814 12:14:46.111"/>
</if>
<status status="PASS" starttime="20240814 12:14:42.661" endtime="20240814 12:14:46.111"/>
</kw>
<status status="PASS" starttime="20240814 12:14:42.661" endtime="20240814 12:14:46.111"/>
</branch>
<status status="PASS" starttime="20240814 12:14:42.661" endtime="20240814 12:14:46.111"/>
</if>
<kw name="Maximize Browser Window" library="SeleniumLibrary">
<doc>Maximizes current browser window.</doc>
<status status="PASS" starttime="20240814 12:14:46.111" endtime="20240814 12:14:46.160"/>
</kw>
<return>
<value>${session}</value>
<status status="PASS" starttime="20240814 12:14:46.160" endtime="20240814 12:14:46.160"/>
</return>
<status status="PASS" starttime="20240814 12:14:42.652" endtime="20240814 12:14:46.160"/>
</kw>
<kw name="Wait Until Time" library="CustomLibrary">
<arg>10</arg>
<status status="PASS" starttime="20240814 12:14:46.160" endtime="20240814 12:14:56.162"/>
</kw>
<kw name="Wait Until Element Is Visible" library="SeleniumLibrary">
<arg>//input[@id="signInName"]</arg>
<doc>Waits until the element ``locator`` is visible.</doc>
<status status="PASS" starttime="20240814 12:14:56.162" endtime="20240814 12:14:56.205"/>
</kw>
<kw name="Input Text" library="SeleniumLibrary">
<arg>//input[@id="signInName"]</arg>
<arg>${USER_NAME}</arg>
<doc>Types the given ``text`` into the text field identified by ``locator``.</doc>
<status status="PASS" starttime="20240814 12:14:56.205" endtime="20240814 12:14:56.386"/>
</kw>
<kw name="Wait Until Element Is Clickable And Click" library="common">
<arg>//input[@id="password"]</arg>
<arg>${LONG_WAIT}</arg>
<doc>It will wait until element is clickable and click the element</doc>
<for flavor="IN RANGE">
<var>${key}</var>
<value>1</value>
<value>${time_out}</value>
<iter>
<var name="${key}">1</var>
<kw name="Run Keyword And Return Status" library="BuiltIn">
<var>${status}</var>
<arg>SeleniumLibrary.Click Element</arg>
<arg>${locator}</arg>
<doc>Runs the given keyword with given arguments and returns the status as a Boolean value.</doc>
<kw name="Click Element" library="SeleniumLibrary">
<arg>${locator}</arg>
<doc>Click the element identified by ``locator``.</doc>
<status status="PASS" starttime="20240814 12:14:56.389" endtime="20240814 12:14:56.509"/>
</kw>
<status status="PASS" starttime="20240814 12:14:56.388" endtime="20240814 12:14:56.509"/>
</kw>
<if>
<branch type="IF" condition="'${status}'=='True'">
<break>
<status status="PASS" starttime="20240814 12:14:56.510" endtime="20240814 12:14:56.510"/>
</break>
<status status="PASS" starttime="20240814 12:14:56.510" endtime="20240814 12:14:56.510"/>
</branch>
<status status="PASS" starttime="20240814 12:14:56.509" endtime="20240814 12:14:56.510"/>
</if>
<kw name="Wait Until Time" library="CustomLibrary">
<arg>1</arg>
<status status="NOT RUN" starttime="20240814 12:14:56.510" endtime="20240814 12:14:56.510"/>
</kw>
<continue>
<status status="NOT RUN" starttime="20240814 12:14:56.510" endtime="20240814 12:14:56.510"/>
</continue>
<status status="PASS" starttime="20240814 12:14:56.388" endtime="20240814 12:14:56.510"/>
</iter>
<status status="PASS" starttime="20240814 12:14:56.387" endtime="20240814 12:14:56.511"/>
</for>
<if>
<branch type="IF" condition="'${status}'=='False'">
<kw name="Fail And Take Screenshot" library="common">
<arg>Element is not clickable even after waiting for ${time_out}</arg>
<doc>Take a Screenshot Fail the test case and displays message.</doc>
<status status="NOT RUN" starttime="20240814 12:14:56.511" endtime="20240814 12:14:56.511"/>
</kw>
<status status="NOT RUN" starttime="20240814 12:14:56.511" endtime="20240814 12:14:56.511"/>
</branch>
<status status="PASS" starttime="20240814 12:14:56.511" endtime="20240814 12:14:56.511"/>
</if>
<status status="PASS" starttime="20240814 12:14:56.386" endtime="20240814 12:14:56.511"/>
</kw>
<kw name="Javascript Input Text" library="CustomLibrary">
<arg>//input[@id="password"]</arg>
<arg>${PASSWORD}</arg>
<status status="PASS" starttime="20240814 12:14:56.511" endtime="20240814 12:14:56.590"/>
</kw>
<kw name="Javascript Click" library="CustomLibrary">
<arg>//button[@id="next"]</arg>
<status status="PASS" starttime="20240814 12:14:56.591" endtime="20240814 12:14:56.648"/>
</kw>
<kw name="Capture and Store Response URL" library="auth">
<var>${response_url}</var>
<kw name="Wait Until Time" library="CustomLibrary">
<arg>10</arg>
<status status="PASS" starttime="20240814 12:14:56.648" endtime="20240814 12:15:06.652"/>
</kw>
<kw name="Get Location" library="SeleniumLibrary">
<var>${response_url}</var>
<doc>Returns the current browser window URL.</doc>
<status status="PASS" starttime="20240814 12:15:06.652" endtime="20240814 12:15:06.667"/>
</kw>
<kw name="Log To Console" library="BuiltIn">
<arg>new:${response_url}</arg>
<doc>Logs the given message to the console.</doc>
<status status="PASS" starttime="20240814 12:15:06.667" endtime="20240814 12:15:06.667"/>
</kw>
<kw name="Set Suite Variable" library="BuiltIn">
<arg>${response_url}</arg>
<doc>Makes a variable available everywhere within the scope of the current suite.</doc>
<status status="PASS" starttime="20240814 12:15:06.667" endtime="20240814 12:15:06.667"/>
</kw>
<status status="PASS" starttime="20240814 12:14:56.648" endtime="20240814 12:15:06.667"/>
</kw>
<status status="PASS" starttime="20240814 12:14:42.652" endtime="20240814 12:15:06.667"/>
</kw>
<kw name="Wait Until Time" library="CustomLibrary">
<arg>10</arg>
<status status="PASS" starttime="20240814 12:15:06.672" endtime="20240814 12:15:16.673"/>
</kw>
<kw name="Extract Code From URL" library="auth">
<var>${code}</var>
<arg>${response_url}</arg>
<kw name="Split String" library="String">
<var>${query}</var>
<arg>${response_url}</arg>
<arg>?</arg>
<arg>1</arg>
<doc>Splits the ``string`` using ``separator`` as a delimiter string.</doc>
<status status="PASS" starttime="20240814 12:15:16.673" endtime="20240814 12:15:16.673"/>
</kw>
<kw name="Set Variable" library="BuiltIn">
<var>${query_part}</var>
<arg>${query}[1]</arg>
<doc>Returns the given values which can then be assigned to a variables.</doc>
<status status="PASS" starttime="20240814 12:15:16.673" endtime="20240814 12:15:16.673"/>
</kw>
<kw name="Fetch From Right" library="String">
<var>${code_param}</var>
<arg>${query_part}</arg>
<arg>code=</arg>
<doc>Returns contents of the ``string`` after the last occurrence of ``marker``.</doc>
<status status="PASS" starttime="20240814 12:15:16.673" endtime="20240814 12:15:16.673"/>
</kw>
<kw name="Evaluate" library="BuiltIn">
<var>${end_index}</var>
<arg>"${code_param}".find('&amp;')</arg>
<doc>Evaluates the given expression in Python and returns the result.</doc>
<status status="PASS" starttime="20240814 12:15:16.673" endtime="20240814 12:15:16.673"/>
</kw>
<kw name="Run Keyword If" library="BuiltIn">
<var>${final_code}</var>
<arg>${end_index} != -1</arg>
<arg>Get Substring</arg>
<arg>${code_param}</arg>
<arg>0</arg>
<arg>${end_index}</arg>
<arg>ELSE</arg>
<arg>Set Variable</arg>
<arg>${code_param}</arg>
<doc>Runs the given keyword with the given arguments, if ``condition`` is true.</doc>
<kw name="Set Variable" library="BuiltIn">
<arg>${code_param}</arg>
<doc>Returns the given values which can then be assigned to a variables.</doc>
<status status="PASS" starttime="20240814 12:15:16.673" endtime="20240814 12:15:16.673"/>
</kw>
<status status="PASS" starttime="20240814 12:15:16.673" endtime="20240814 12:15:16.673"/>
</kw>
<status status="PASS" starttime="20240814 12:15:16.673" endtime="20240814 12:15:16.673"/>
</kw>
<kw name="Set Suite Variable" library="BuiltIn">
<arg>${code}</arg>
<doc>Makes a variable available everywhere within the scope of the current suite.</doc>
<status status="PASS" starttime="20240814 12:15:16.673" endtime="20240814 12:15:16.673"/>
</kw>
<kw name="Get Access Token" library="auth">
<var>${auth_token}</var>
<kw name="Create Dictionary" library="BuiltIn">
<var>${headers}</var>
<arg>Content-Type=application/x-www-form-urlencoded</arg>
<doc>Creates and returns a dictionary based on the given ``items``.</doc>
<status status="PASS" starttime="20240814 12:15:16.673" endtime="20240814 12:15:16.682"/>
</kw>
<kw name="Create Dictionary" library="BuiltIn">
<var>${data}</var>
<arg>code=${code}</arg>
<arg>client_id=${client_id}</arg>
<arg>scope=${scope}</arg>
<arg>redirect_uri=${redirect_uri}</arg>
<arg>grant_type=authorization_code</arg>
<arg>client_secret=${client_secret}</arg>
<arg>code_verifier=${code_verifier}</arg>
<doc>Creates and returns a dictionary based on the given ``items``.</doc>
<status status="PASS" starttime="20240814 12:15:16.682" endtime="20240814 12:15:16.682"/>
</kw>
<kw name="POST" library="RequestsLibrary">
<var>${response}</var>
<arg>${token_endpoint}</arg>
<arg>headers=${headers}</arg>
<arg>data=${data}</arg>
<doc>Sends a POST request.</doc>
<status status="PASS" starttime="20240814 12:15:16.682" endtime="20240814 12:15:18.896"/>
</kw>
<kw name="Log" library="BuiltIn">
<arg>${response.content}</arg>
<doc>Logs the given message with the given level.</doc>
<status status="PASS" starttime="20240814 12:15:18.896" endtime="20240814 12:15:18.913"/>
</kw>
<kw name="Should Be Equal As Strings" library="BuiltIn">
<arg>${response.status_code}</arg>
<arg>200</arg>
<doc>Fails if objects are unequal after converting them to strings.</doc>
<status status="PASS" starttime="20240814 12:15:18.913" endtime="20240814 12:15:18.913"/>
</kw>
<kw name="Set Suite Variable" library="BuiltIn">
<arg>${access_token}</arg>
<arg>${response.json()['access_token']}</arg>
<doc>Makes a variable available everywhere within the scope of the current suite.</doc>
<status status="PASS" starttime="20240814 12:15:18.913" endtime="20240814 12:15:18.913"/>
</kw>
<kw name="Log To Console" library="BuiltIn">
<arg>accessToken from keyword:${access_token}</arg>
<doc>Logs the given message to the console.</doc>
<status status="PASS" starttime="20240814 12:15:18.913" endtime="20240814 12:15:18.913"/>
</kw>
<kw name="Log To Console" library="BuiltIn">
<arg>entire response:${response.content}</arg>
<doc>Logs the given message to the console.</doc>
<status status="PASS" starttime="20240814 12:15:18.928" endtime="20240814 12:15:18.928"/>
</kw>
<status status="PASS" starttime="20240814 12:15:16.673" endtime="20240814 12:15:18.928"/>
</kw>
<kw name="Cache Store Value" library="CacheLibrary">
<arg>${cache_key}</arg>
<arg>${auth_token}</arg>
<doc>Store a value in the cache.</doc>
<status status="PASS" starttime="20240814 12:15:18.928" endtime="20240814 12:15:18.991"/>
</kw>
<kw name="Set Global Variable" library="BuiltIn">
<arg>${auth_token}</arg>
<doc>Makes a variable available globally in all tests and suites.</doc>
<status status="PASS" starttime="20240814 12:15:18.991" endtime="20240814 12:15:19.006"/>
</kw>
<return>
<value>${auth_token}</value>
<status status="PASS" starttime="20240814 12:15:19.006" endtime="20240814 12:15:19.006"/>
</return>
<status status="PASS" starttime="20240814 12:14:42.620" endtime="20240814 12:15:19.006"/>
</kw>
<kw name="Log To Console" library="BuiltIn">
<arg>The Auth Token is: ${auth_token}</arg>
<doc>Logs the given message to the console.</doc>
<status status="PASS" starttime="20240814 12:15:19.006" endtime="20240814 12:15:19.006"/>
</kw>
<doc>TestCase to generate oauth token. This is the prerequisite.</doc>
<status status="PASS" starttime="20240814 12:14:42.620" endtime="20240814 12:15:19.006"/>
</test>
<status status="PASS" starttime="20240814 12:14:40.603" endtime="20240814 12:15:19.013"/>
</suite>
<status status="PASS" starttime="20240814 12:14:40.603" endtime="20240814 12:15:19.017"/>
</suite>
<suite id="s1-s2" name="Next-Gen-Platform" source="D:\NGP\Repo\vgpf-automation-tests-api-13-08\tests\next-gen-platform">
<suite id="s1-s2-s1" name="Component" source="D:\NGP\Repo\vgpf-automation-tests-api-13-08\tests\next-gen-platform\component">
<suite id="s1-s2-s1-s1" name="Form" source="D:\NGP\Repo\vgpf-automation-tests-api-13-08\tests\next-gen-platform\component\form">
<suite id="s1-s2-s1-s1-s1" name="Form" source="D:\NGP\Repo\vgpf-automation-tests-api-13-08\tests\next-gen-platform\component\form\form.robot">
<test id="s1-s2-s1-s1-s1-t1" name="Get Parent Types" line="15">
<kw name="Set Variable" library="BuiltIn">
<var>${formType}</var>
<arg>${formType}</arg>
<doc>Returns the given values which can then be assigned to a variables.</doc>
<status status="PASS" starttime="20240814 12:15:19.113" endtime="20240814 12:15:19.113"/>
</kw>
<kw name="Set Variable" library="BuiltIn">
<var>${formName}</var>
<arg>${formName}</arg>
<doc>Returns the given values which can then be assigned to a variables.</doc>
<status status="PASS" starttime="20240814 12:15:19.113" endtime="20240814 12:15:19.116"/>
</kw>
<kw name="Set Variable" library="BuiltIn">
<var>${userId}</var>
<arg>${userId}</arg>
<doc>Returns the given values which can then be assigned to a variables.</doc>
<status status="PASS" starttime="20240814 12:15:19.117" endtime="20240814 12:15:19.117"/>
</kw>
<kw name="Set Variable" library="BuiltIn">
<var>${formId}</var>
<arg>${formId}</arg>
<doc>Returns the given values which can then be assigned to a variables.</doc>
<status status="PASS" starttime="20240814 12:15:19.117" endtime="20240814 12:15:19.117"/>
</kw>
<kw name="Set Variable" library="BuiltIn">
<var>${nodeId}</var>
<arg>${nodeId}</arg>
<doc>Returns the given values which can then be assigned to a variables.</doc>
<status status="PASS" starttime="20240814 12:15:19.117" endtime="20240814 12:15:19.117"/>
</kw>
<kw name="Set Variable" library="BuiltIn">
<var>${URL}</var>
<arg>${URL}</arg>
<doc>Returns the given values which can then be assigned to a variables.</doc>
<status status="PASS" starttime="20240814 12:15:19.117" endtime="20240814 12:15:19.117"/>
</kw>
<kw name="Create Dictionary" library="BuiltIn">
<var>${headers}</var>
<arg>Content-Type=application/json</arg>
<arg>Authorization=Bearer ${auth_token}</arg>
<doc>Creates and returns a dictionary based on the given ``items``.</doc>
<status status="PASS" starttime="20240814 12:15:19.117" endtime="20240814 12:15:19.117"/>
</kw>
<kw name="Get Api" library="api-keywords">
<var>${response}</var>
<arg>${URL}/GetParentTypes</arg>
<arg>${headers}</arg>
<doc>Send the Get Api call, with or without JSON body</doc>
<kw name="Parse Json To Dictionary" library="CustomLibrary">
<var>${body_dictionary}</var>
<arg>${json_body}</arg>
<status status="PASS" starttime="20240814 12:15:19.117" endtime="20240814 12:15:19.117"/>
</kw>
<kw name="Parse Json To Dictionary" library="CustomLibrary">
<var>${parameter_object}</var>
<arg>${data}</arg>
<status status="PASS" starttime="20240814 12:15:19.117" endtime="20240814 12:15:19.117"/>
</kw>
<kw name="GET" library="RequestsLibrary">
<var>${response}</var>
<arg>${url}</arg>
<arg>params=${parameter_object}</arg>
<arg>json=${body_dictionary}</arg>
<arg>headers=${headers}</arg>
<doc>Sends a GET request.</doc>
<status status="PASS" starttime="20240814 12:15:19.117" endtime="20240814 12:15:29.137"/>
</kw>
<return>
<value>${response}</value>
<status status="PASS" starttime="20240814 12:15:29.137" endtime="20240814 12:15:29.137"/>
</return>
<status status="PASS" starttime="20240814 12:15:19.117" endtime="20240814 12:15:29.137"/>
</kw>
<kw name="Verify Response Code" library="api-keywords">
<arg>${response.status_code}</arg>
<arg>200</arg>
<doc>This keyword is to verify whether the response code is 200</doc>
<kw name="Should Be Equal As Integers" library="BuiltIn">
<arg>${actual_response_code}</arg>
<arg>${expected_response_code}</arg>
<doc>Fails if objects are unequal after converting them to integers.</doc>
<status status="PASS" starttime="20240814 12:15:29.153" endtime="20240814 12:15:29.153"/>
</kw>
<status status="PASS" starttime="20240814 12:15:29.137" endtime="20240814 12:15:29.153"/>
</kw>
<kw name="Verify Response Field" library="api-keywords">
<arg>${response}</arg>
<arg>message</arg>
<arg>Parent types retrieved successfully</arg>
<doc>This keyword is to verify whether the response variable in the JSON first level is equal to the expected_value</doc>
<kw name="Evaluate" library="BuiltIn">
<var>${actual_value}</var>
<arg>${response.json()}.get("${key}", None)</arg>
<doc>Evaluates the given expression in Python and returns the result.</doc>
<status status="PASS" starttime="20240814 12:15:29.153" endtime="20240814 12:15:29.153"/>
</kw>
<kw name="Should Be Equal As Strings" library="BuiltIn">
<arg>${actual_value}</arg>
<arg>${expected_value}</arg>
<doc>Fails if objects are unequal after converting them to strings.</doc>
<status status="PASS" starttime="20240814 12:15:29.153" endtime="20240814 12:15:29.153"/>
</kw>
<status status="PASS" starttime="20240814 12:15:29.153" endtime="20240814 12:15:29.153"/>
</kw>
<kw name="Log To Console" library="BuiltIn">
<arg>Response JSON: ${response.content}</arg>
<doc>Logs the given message to the console.</doc>
<status status="PASS" starttime="20240814 12:15:29.153" endtime="20240814 12:15:29.153"/>
</kw>
<doc>This test case to Get Parent Types.</doc>
<tag>TCC01</tag>
<status status="PASS" starttime="20240814 12:15:19.100" endtime="20240814 12:15:29.153"/>
</test>
<test id="s1-s2-s1-s1-s1-t2" name="Retrieves all applicable types." line="39">
<kw name="Create Dictionary" library="BuiltIn">
<var>${headers}</var>
<arg>Content-Type=application/json</arg>
<arg>Authorization=Bearer ${auth_token}</arg>
<doc>Creates and returns a dictionary based on the given ``items``.</doc>
<status status="PASS" starttime="20240814 12:15:29.168" endtime="20240814 12:15:29.168"/>
</kw>
<kw name="Get Api" library="api-keywords">
<var>${response}</var>
<arg>${URL}/GetApplicableTo</arg>
<arg>${headers}</arg>
<doc>Send the Get Api call, with or without JSON body</doc>
<kw name="Parse Json To Dictionary" library="CustomLibrary">
<var>${body_dictionary}</var>
<arg>${json_body}</arg>
<status status="PASS" starttime="20240814 12:15:29.168" endtime="20240814 12:15:29.168"/>
</kw>
<kw name="Parse Json To Dictionary" library="CustomLibrary">
<var>${parameter_object}</var>
<arg>${data}</arg>
<status status="PASS" starttime="20240814 12:15:29.168" endtime="20240814 12:15:29.168"/>
</kw>
<kw name="GET" library="RequestsLibrary">
<var>${response}</var>
<arg>${url}</arg>
<arg>params=${parameter_object}</arg>
<arg>json=${body_dictionary}</arg>
<arg>headers=${headers}</arg>
<doc>Sends a GET request.</doc>
<status status="PASS" starttime="20240814 12:15:29.168" endtime="20240814 12:15:31.025"/>
</kw>
<return>
<value>${response}</value>
<status status="PASS" starttime="20240814 12:15:31.025" endtime="20240814 12:15:31.025"/>
</return>
<status status="PASS" starttime="20240814 12:15:29.168" endtime="20240814 12:15:31.025"/>
</kw>
<kw name="Verify Response Code" library="api-keywords">
<arg>${response.status_code}</arg>
<arg>200</arg>
<doc>This keyword is to verify whether the response code is 200</doc>
<kw name="Should Be Equal As Integers" library="BuiltIn">
<arg>${actual_response_code}</arg>
<arg>${expected_response_code}</arg>
<doc>Fails if objects are unequal after converting them to integers.</doc>
<status status="PASS" starttime="20240814 12:15:31.034" endtime="20240814 12:15:31.037"/>
</kw>
<status status="PASS" starttime="20240814 12:15:31.034" endtime="20240814 12:15:31.037"/>
</kw>
<kw name="Verify Response Field" library="api-keywords">
<arg>${response}</arg>
<arg>message</arg>
<arg>ApplicableTo retrieved successfully.</arg>
<doc>This keyword is to verify whether the response variable in the JSON first level is equal to the expected_value</doc>
<kw name="Evaluate" library="BuiltIn">
<var>${actual_value}</var>
<arg>${response.json()}.get("${key}", None)</arg>
<doc>Evaluates the given expression in Python and returns the result.</doc>
<status status="PASS" starttime="20240814 12:15:31.039" endtime="20240814 12:15:31.042"/>
</kw>
<kw name="Should Be Equal As Strings" library="BuiltIn">
<arg>${actual_value}</arg>
<arg>${expected_value}</arg>
<doc>Fails if objects are unequal after converting them to strings.</doc>
<status status="PASS" starttime="20240814 12:15:31.042" endtime="20240814 12:15:31.042"/>
</kw>
<status status="PASS" starttime="20240814 12:15:31.037" endtime="20240814 12:15:31.042"/>
</kw>
<kw name="Log To Console" library="BuiltIn">
<arg>Response JSON: ${response.content}</arg>
<doc>Logs the given message to the console.</doc>
<status status="PASS" starttime="20240814 12:15:31.042" endtime="20240814 12:15:31.042"/>
</kw>
<doc>This test case to Retrieves all applicable types.</doc>
<tag>TCC02</tag>
<status status="PASS" starttime="20240814 12:15:29.153" endtime="20240814 12:15:31.042"/>
</test>
<test id="s1-s2-s1-s1-s1-t3" name="Controller responsible for generating uniqueId." line="54">
<kw name="Create Dictionary" library="BuiltIn">
<var>${headers}</var>
<arg>Content-Type=application/json</arg>
<arg>Authorization=Bearer ${auth_token}</arg>
<doc>Creates and returns a dictionary based on the given ``items``.</doc>
<status status="PASS" starttime="20240814 12:15:31.042" endtime="20240814 12:15:31.042"/>
</kw>
<kw name="Get Api" library="api-keywords">
<var>${response}</var>
<arg>${URL}/GenerateUniqueId/${formType}</arg>
<arg>${headers}</arg>
<doc>Send the Get Api call, with or without JSON body</doc>
<kw name="Parse Json To Dictionary" library="CustomLibrary">
<var>${body_dictionary}</var>
<arg>${json_body}</arg>
<status status="PASS" starttime="20240814 12:15:31.054" endtime="20240814 12:15:31.054"/>
</kw>
<kw name="Parse Json To Dictionary" library="CustomLibrary">
<var>${parameter_object}</var>
<arg>${data}</arg>
<status status="PASS" starttime="20240814 12:15:31.054" endtime="20240814 12:15:31.054"/>
</kw>
<kw name="GET" library="RequestsLibrary">
<var>${response}</var>
<arg>${url}</arg>
<arg>params=${parameter_object}</arg>
<arg>json=${body_dictionary}</arg>
<arg>headers=${headers}</arg>
<doc>Sends a GET request.</doc>
<status status="PASS" starttime="20240814 12:15:31.054" endtime="20240814 12:15:32.720"/>
</kw>
<return>
<value>${response}</value>
<status status="PASS" starttime="20240814 12:15:32.720" endtime="20240814 12:15:32.720"/>
</return>
<status status="PASS" starttime="20240814 12:15:31.042" endtime="20240814 12:15:32.720"/>
</kw>
<kw name="Verify Response Code" library="api-keywords">
<arg>${response.status_code}</arg>
<arg>200</arg>
<doc>This keyword is to verify whether the response code is 200</doc>
<kw name="Should Be Equal As Integers" library="BuiltIn">
<arg>${actual_response_code}</arg>
<arg>${expected_response_code}</arg>
<doc>Fails if objects are unequal after converting them to integers.</doc>
<status status="PASS" starttime="20240814 12:15:32.720" endtime="20240814 12:15:32.720"/>
</kw>
<status status="PASS" starttime="20240814 12:15:32.720" endtime="20240814 12:15:32.720"/>
</kw>
<kw name="Decode Bytes To String" library="String">
<var>${decodedUniqueId}</var>
<arg>${response.content}</arg>
<arg>utf-8</arg>
<doc>Decodes the given ``bytes`` to a Unicode string using the given ``encoding``.</doc>
<status status="PASS" starttime="20240814 12:15:32.735" endtime="20240814 12:15:32.736"/>
</kw>
<kw name="Set Suite Variable" library="BuiltIn">
<arg>${uniqueId}</arg>
<arg>${decodedUniqueId}</arg>
<doc>Makes a variable available everywhere within the scope of the current suite.</doc>
<status status="PASS" starttime="20240814 12:15:32.736" endtime="20240814 12:15:32.736"/>
</kw>
<kw name="Log To Console" library="BuiltIn">
<arg>Response JSON: ${response.content}</arg>
<doc>Logs the given message to the console.</doc>
<status status="PASS" starttime="20240814 12:15:32.736" endtime="20240814 12:15:32.746"/>
</kw>
<doc>This test responsible for generating uniqueId.</doc>
<tag>TCC02</tag>
<status status="PASS" starttime="20240814 12:15:31.042" endtime="20240814 12:15:32.746"/>
</test>
<test id="s1-s2-s1-s1-s1-t4" name="Validate a Form." line="70">
<kw name="Load Json From File" library="JSONLibrary">
<var>${validateFormBody}</var>
<arg>${JSONPATH}//next-gen-platform//component//form//form.json</arg>
<doc>Load JSON from file.</doc>
<status status="PASS" starttime="20240814 12:15:32.752" endtime="20240814 12:15:32.790"/>
</kw>
<kw name="Set To Dictionary" library="Collections">
<arg>${validateFormBody}</arg>
<arg>uniqueId</arg>
<arg>${uniqueId}</arg>
<doc>Adds the given ``key_value_pairs`` and/or ``items`` to the ``dictionary``.</doc>
<status status="PASS" starttime="20240814 12:15:32.790" endtime="20240814 12:15:32.790"/>
</kw>
<kw name="Create Dictionary" library="BuiltIn">
<var>${headers}</var>
<arg>Content-Type=application/json</arg>
<arg>Authorization=Bearer ${auth_token}</arg>
<doc>Creates and returns a dictionary based on the given ``items``.</doc>
<status status="PASS" starttime="20240814 12:15:32.790" endtime="20240814 12:15:32.790"/>
</kw>
<kw name="Post Api" library="api-keywords">
<var>${response}</var>
<arg>${URL}/ValidateForm</arg>
<arg>${headers}</arg>
<arg>${validateFormBody['formJson']}</arg>
<kw name="POST" library="RequestsLibrary">
<var>${response}</var>
<arg>${url}</arg>
<arg>json=${json_body}</arg>
<arg>headers=${headers}</arg>
<doc>Sends a POST request.</doc>
<status status="PASS" starttime="20240814 12:15:32.804" endtime="20240814 12:15:34.469"/>
</kw>
<return>
<value>${response}</value>
<status status="PASS" starttime="20240814 12:15:34.469" endtime="20240814 12:15:34.469"/>
</return>
<status status="PASS" starttime="20240814 12:15:32.790" endtime="20240814 12:15:34.469"/>
</kw>
<kw name="Verify Response Code" library="api-keywords">
<arg>${response.status_code}</arg>
<arg>200</arg>
<doc>This keyword is to verify whether the response code is 200</doc>
<kw name="Should Be Equal As Integers" library="BuiltIn">
<arg>${actual_response_code}</arg>
<arg>${expected_response_code}</arg>
<doc>Fails if objects are unequal after converting them to integers.</doc>
<status status="PASS" starttime="20240814 12:15:34.475" endtime="20240814 12:15:34.475"/>
</kw>
<status status="PASS" starttime="20240814 12:15:34.475" endtime="20240814 12:15:34.475"/>
</kw>
<kw name="Verify Response Field" library="api-keywords">
<arg>${response}</arg>
<arg>message</arg>
<arg>Form validated successfully</arg>
<doc>This keyword is to verify whether the response variable in the JSON first level is equal to the expected_value</doc>
<kw name="Evaluate" library="BuiltIn">
<var>${actual_value}</var>
<arg>${response.json()}.get("${key}", None)</arg>
<doc>Evaluates the given expression in Python and returns the result.</doc>
<status status="PASS" starttime="20240814 12:15:34.480" endtime="20240814 12:15:34.480"/>
</kw>
<kw name="Should Be Equal As Strings" library="BuiltIn">
<arg>${actual_value}</arg>
<arg>${expected_value}</arg>
<doc>Fails if objects are unequal after converting them to strings.</doc>
<status status="PASS" starttime="20240814 12:15:34.480" endtime="20240814 12:15:34.480"/>
</kw>
<status status="PASS" starttime="20240814 12:15:34.480" endtime="20240814 12:15:34.480"/>
</kw>
<kw name="Log To Console" library="BuiltIn">
<arg>Response JSON: ${response.content}</arg>
<doc>Logs the given message to the console.</doc>
<status status="PASS" starttime="20240814 12:15:34.485" endtime="20240814 12:15:34.485"/>
</kw>
<doc>This test case for Validate a Form.</doc>
<tag>TCC02</tag>
<status status="PASS" starttime="20240814 12:15:32.746" endtime="20240814 12:15:34.489"/>
</test>
<test id="s1-s2-s1-s1-s1-t5" name="Create a Form." line="86">
<kw name="Load Json From File" library="JSONLibrary">
<var>${formJson}</var>
<arg>${JSONPATH}//next-gen-platform//component//form//form.json</arg>
<doc>Load JSON from file.</doc>
<status status="PASS" starttime="20240814 12:15:34.491" endtime="20240814 12:15:34.491"/>
</kw>
<kw name="Generate Random String" library="String">
<var>${uniqueFormName}</var>
<arg>10</arg>
<arg>[LETTERS]</arg>
<doc>Generates a string with a desired ``length`` from the given ``chars``.</doc>
<status status="PASS" starttime="20240814 12:15:34.491" endtime="20240814 12:15:34.491"/>
</kw>
<kw name="Set Suite Variable" library="BuiltIn">
<arg>${formName}</arg>
<arg>robotForm_${uniqueFormName}</arg>
<doc>Makes a variable available everywhere within the scope of the current suite.</doc>
<status status="PASS" starttime="20240814 12:15:34.491" endtime="20240814 12:15:34.491"/>
</kw>
<kw name="Set Variable" library="BuiltIn">
<var>${createForm}</var>
<arg>${formJson["createForm"]}</arg>
<doc>Returns the given values which can then be assigned to a variables.</doc>
<status status="PASS" starttime="20240814 12:15:34.491" endtime="20240814 12:15:34.501"/>
</kw>
<kw name="Set To Dictionary" library="Collections">
<arg>${createForm}</arg>
<arg>uniqueId</arg>
<arg>${uniqueId}</arg>
<doc>Adds the given ``key_value_pairs`` and/or ``items`` to the ``dictionary``.</doc>
<status status="PASS" starttime="20240814 12:15:34.501" endtime="20240814 12:15:34.501"/>
</kw>
<kw name="Set To Dictionary" library="Collections">
<arg>${createForm}</arg>
<arg>formName</arg>
<arg>${formName}</arg>
<doc>Adds the given ``key_value_pairs`` and/or ``items`` to the ``dictionary``.</doc>
<status status="PASS" starttime="20240814 12:15:34.501" endtime="20240814 12:15:34.501"/>
</kw>
<kw name="Create Dictionary" library="BuiltIn">
<var>${headers}</var>
<arg>Content-Type=application/json</arg>
<arg>Authorization=Bearer ${auth_token}</arg>
<doc>Creates and returns a dictionary based on the given ``items``.</doc>
<status status="PASS" starttime="20240814 12:15:34.501" endtime="20240814 12:15:34.501"/>
</kw>
<kw name="Post Api" library="api-keywords">
<var>${response}</var>
<arg>${URL}/Create</arg>
<arg>${headers}</arg>
<arg>${createForm}</arg>
<kw name="POST" library="RequestsLibrary">
<var>${response}</var>
<arg>${url}</arg>
<arg>json=${json_body}</arg>
<arg>headers=${headers}</arg>
<doc>Sends a POST request.</doc>
<status status="PASS" starttime="20240814 12:15:34.501" endtime="20240814 12:15:36.199"/>
</kw>
<return>
<value>${response}</value>
<status status="PASS" starttime="20240814 12:15:36.199" endtime="20240814 12:15:36.199"/>
</return>
<status status="PASS" starttime="20240814 12:15:34.501" endtime="20240814 12:15:36.199"/>
</kw>
<kw name="Verify Response Code" library="api-keywords">
<arg>${response.status_code}</arg>
<arg>200</arg>
<doc>This keyword is to verify whether the response code is 200</doc>
<kw name="Should Be Equal As Integers" library="BuiltIn">
<arg>${actual_response_code}</arg>
<arg>${expected_response_code}</arg>
<doc>Fails if objects are unequal after converting them to integers.</doc>
<status status="PASS" starttime="20240814 12:15:36.215" endtime="20240814 12:15:36.215"/>
</kw>
<status status="PASS" starttime="20240814 12:15:36.215" endtime="20240814 12:15:36.215"/>
</kw>
<kw name="Verify Response Field" library="api-keywords">
<arg>${response}</arg>
<arg>message</arg>
<arg>Form created successfully</arg>
<doc>This keyword is to verify whether the response variable in the JSON first level is equal to the expected_value</doc>
<kw name="Evaluate" library="BuiltIn">
<var>${actual_value}</var>
<arg>${response.json()}.get("${key}", None)</arg>
<doc>Evaluates the given expression in Python and returns the result.</doc>
<status status="PASS" starttime="20240814 12:15:36.219" endtime="20240814 12:15:36.219"/>
</kw>
<kw name="Should Be Equal As Strings" library="BuiltIn">
<arg>${actual_value}</arg>
<arg>${expected_value}</arg>
<doc>Fails if objects are unequal after converting them to strings.</doc>
<status status="PASS" starttime="20240814 12:15:36.219" endtime="20240814 12:15:36.219"/>
</kw>
<status status="PASS" starttime="20240814 12:15:36.215" endtime="20240814 12:15:36.219"/>
</kw>
<kw name="Set Suite Variable" library="BuiltIn">
<arg>${newFormId}</arg>
<arg>${response.json()['data']['formId']}</arg>
<doc>Makes a variable available everywhere within the scope of the current suite.</doc>
<status status="PASS" starttime="20240814 12:15:36.219" endtime="20240814 12:15:36.219"/>
</kw>
<kw name="Log To Console" library="BuiltIn">
<arg>Response JSON: ${response.content}</arg>
<doc>Logs the given message to the console.</doc>
<status status="PASS" starttime="20240814 12:15:36.219" endtime="20240814 12:15:36.230"/>
</kw>
<doc>This test case to Create a Form.</doc>
<tag>TCC02</tag>
<status status="PASS" starttime="20240814 12:15:34.491" endtime="20240814 12:15:36.230"/>
</test>
<test id="s1-s2-s1-s1-s1-t6" name="Update the Form Status." line="111">
<kw name="Load Json From File" library="JSONLibrary">
<var>${formJson}</var>
<arg>${JSONPATH}//next-gen-platform//component//form//form.json</arg>
<doc>Load JSON from file.</doc>
<status status="PASS" starttime="20240814 12:15:36.232" endtime="20240814 12:15:36.232"/>
</kw>
<kw name="Set Variable" library="BuiltIn">
<var>${updateForm}</var>
<arg>${formJson["updateForm"]}</arg>
<doc>Returns the given values which can then be assigned to a variables.</doc>
<status status="PASS" starttime="20240814 12:15:36.232" endtime="20240814 12:15:36.232"/>
</kw>
<kw name="Set To Dictionary" library="Collections">
<arg>${updateForm}</arg>
<arg>uniqueId</arg>
<arg>${uniqueId}</arg>
<doc>Adds the given ``key_value_pairs`` and/or ``items`` to the ``dictionary``.</doc>
<status status="PASS" starttime="20240814 12:15:36.232" endtime="20240814 12:15:36.232"/>
</kw>
<kw name="Set To Dictionary" library="Collections">
<arg>${updateForm}</arg>
<arg>formId</arg>
<arg>${newFormId}</arg>
<doc>Adds the given ``key_value_pairs`` and/or ``items`` to the ``dictionary``.</doc>
<status status="PASS" starttime="20240814 12:15:36.232" endtime="20240814 12:15:36.246"/>
</kw>
<kw name="Set To Dictionary" library="Collections">
<arg>${updateForm}</arg>
<arg>formName</arg>
<arg>${formName}</arg>
<doc>Adds the given ``key_value_pairs`` and/or ``items`` to the ``dictionary``.</doc>
<status status="PASS" starttime="20240814 12:15:36.246" endtime="20240814 12:15:36.246"/>
</kw>
<kw name="Create Dictionary" library="BuiltIn">
<var>${headers}</var>
<arg>Content-Type=application/json</arg>
<arg>Authorization=Bearer ${auth_token}</arg>
<doc>Creates and returns a dictionary based on the given ``items``.</doc>
<status status="PASS" starttime="20240814 12:15:36.246" endtime="20240814 12:15:36.246"/>
</kw>
<kw name="Put Api" library="api-keywords">
<var>${response}</var>
<arg>${URL}/Update</arg>
<arg>${headers}</arg>
<arg>${updateForm}</arg>
<kw name="PUT" library="RequestsLibrary">
<var>${response}</var>
<arg>${url}</arg>
<arg>json=${json_body}</arg>
<arg>headers=${headers}</arg>
<doc>Sends a PUT request.</doc>
<status status="PASS" starttime="20240814 12:15:36.246" endtime="20240814 12:15:37.964"/>
</kw>
<return>
<value>${response}</value>
<status status="PASS" starttime="20240814 12:15:37.964" endtime="20240814 12:15:37.964"/>
</return>
<status status="PASS" starttime="20240814 12:15:36.246" endtime="20240814 12:15:37.964"/>
</kw>
<kw name="Verify Response Code" library="api-keywords">
<arg>${response.status_code}</arg>
<arg>200</arg>
<doc>This keyword is to verify whether the response code is 200</doc>
<kw name="Should Be Equal As Integers" library="BuiltIn">
<arg>${actual_response_code}</arg>
<arg>${expected_response_code}</arg>
<doc>Fails if objects are unequal after converting them to integers.</doc>
<status status="PASS" starttime="20240814 12:15:37.964" endtime="20240814 12:15:37.964"/>
</kw>
<status status="PASS" starttime="20240814 12:15:37.964" endtime="20240814 12:15:37.964"/>
</kw>
<kw name="Verify Response Field" library="api-keywords">
<arg>${response}</arg>
<arg>message</arg>
<arg>Form updated successfully</arg>
<doc>This keyword is to verify whether the response variable in the JSON first level is equal to the expected_value</doc>
<kw name="Evaluate" library="BuiltIn">
<var>${actual_value}</var>
<arg>${response.json()}.get("${key}", None)</arg>
<doc>Evaluates the given expression in Python and returns the result.</doc>
<status status="PASS" starttime="20240814 12:15:37.964" endtime="20240814 12:15:37.980"/>
</kw>
<kw name="Should Be Equal As Strings" library="BuiltIn">
<arg>${actual_value}</arg>
<arg>${expected_value}</arg>
<doc>Fails if objects are unequal after converting them to strings.</doc>
<status status="PASS" starttime="20240814 12:15:37.980" endtime="20240814 12:15:37.981"/>
</kw>
<status status="PASS" starttime="20240814 12:15:37.964" endtime="20240814 12:15:37.981"/>
</kw>
<kw name="Log To Console" library="BuiltIn">
<arg>Response JSON: ${response.content}</arg>
<doc>Logs the given message to the console.</doc>
<status status="PASS" starttime="20240814 12:15:37.981" endtime="20240814 12:15:37.981"/>
</kw>
<doc>This test case to Update the Form Status.</doc>
<tag>TCC02</tag>
<status status="PASS" starttime="20240814 12:15:36.232" endtime="20240814 12:15:37.981"/>
</test>
<test id="s1-s2-s1-s1-s1-t7" name="Save a Form" line="131">
<kw name="Load Json From File" library="JSONLibrary">
<var>${formJson}</var>
<arg>${JSONPATH}//next-gen-platform//component//form//form.json</arg>
<doc>Load JSON from file.</doc>
<status status="PASS" starttime="20240814 12:15:37.981" endtime="20240814 12:15:37.981"/>
</kw>
<kw name="Set Variable" library="BuiltIn">
<var>${saveForm}</var>
<arg>${formJson["updateForm"]}</arg>
<doc>Returns the given values which can then be assigned to a variables.</doc>
<status status="PASS" starttime="20240814 12:15:37.981" endtime="20240814 12:15:37.981"/>
</kw>
<kw name="Set To Dictionary" library="Collections">
<arg>${saveForm}</arg>
<arg>uniqueId</arg>
<arg>${uniqueId}</arg>
<doc>Adds the given ``key_value_pairs`` and/or ``items`` to the ``dictionary``.</doc>
<status status="PASS" starttime="20240814 12:15:37.997" endtime="20240814 12:15:37.997"/>
</kw>
<kw name="Set To Dictionary" library="Collections">
<arg>${saveForm}</arg>
<arg>formId</arg>
<arg>${newFormId}</arg>
<doc>Adds the given ``key_value_pairs`` and/or ``items`` to the ``dictionary``.</doc>
<status status="PASS" starttime="20240814 12:15:37.997" endtime="20240814 12:15:37.997"/>
</kw>
<kw name="Set To Dictionary" library="Collections">
<arg>${saveForm}</arg>
<arg>formName</arg>
<arg>${formName}</arg>
<doc>Adds the given ``key_value_pairs`` and/or ``items`` to the ``dictionary``.</doc>
<status status="PASS" starttime="20240814 12:15:37.997" endtime="20240814 12:15:37.997"/>
</kw>
<kw name="Create Dictionary" library="BuiltIn">
<var>${headers}</var>
<arg>Content-Type=application/json</arg>
<arg>Authorization=Bearer ${auth_token}</arg>
<doc>Creates and returns a dictionary based on the given ``items``.</doc>
<status status="PASS" starttime="20240814 12:15:37.997" endtime="20240814 12:15:37.997"/>
</kw>
<kw name="Put Api" library="api-keywords">
<var>${response}</var>
<arg>${URL}/Save</arg>
<arg>${headers}</arg>
<arg>${saveForm}</arg>
<kw name="PUT" library="RequestsLibrary">
<var>${response}</var>
<arg>${url}</arg>
<arg>json=${json_body}</arg>
<arg>headers=${headers}</arg>
<doc>Sends a PUT request.</doc>
<status status="PASS" starttime="20240814 12:15:37.997" endtime="20240814 12:15:39.682"/>
</kw>
<return>
<value>${response}</value>
<status status="PASS" starttime="20240814 12:15:39.682" endtime="20240814 12:15:39.682"/>
</return>
<status status="PASS" starttime="20240814 12:15:37.997" endtime="20240814 12:15:39.682"/>
</kw>
<kw name="Verify Response Code" library="api-keywords">
<arg>${response.status_code}</arg>
<arg>200</arg>
<doc>This keyword is to verify whether the response code is 200</doc>
<kw name="Should Be Equal As Integers" library="BuiltIn">
<arg>${actual_response_code}</arg>
<arg>${expected_response_code}</arg>
<doc>Fails if objects are unequal after converting them to integers.</doc>
<status status="PASS" starttime="20240814 12:15:39.682" endtime="20240814 12:15:39.682"/>
</kw>
<status status="PASS" starttime="20240814 12:15:39.682" endtime="20240814 12:15:39.682"/>
</kw>
<kw name="Verify Response Field" library="api-keywords">
<arg>${response}</arg>
<arg>message</arg>
<arg>Form saved successfully</arg>
<doc>This keyword is to verify whether the response variable in the JSON first level is equal to the expected_value</doc>
<kw name="Evaluate" library="BuiltIn">
<var>${actual_value}</var>
<arg>${response.json()}.get("${key}", None)</arg>
<doc>Evaluates the given expression in Python and returns the result.</doc>
<status status="PASS" starttime="20240814 12:15:39.698" endtime="20240814 12:15:39.698"/>
</kw>
<kw name="Should Be Equal As Strings" library="BuiltIn">
<arg>${actual_value}</arg>
<arg>${expected_value}</arg>
<doc>Fails if objects are unequal after converting them to strings.</doc>
<status status="PASS" starttime="20240814 12:15:39.698" endtime="20240814 12:15:39.698"/>
</kw>
<status status="PASS" starttime="20240814 12:15:39.698" endtime="20240814 12:15:39.698"/>
</kw>
<kw name="Log To Console" library="BuiltIn">
<arg>Response JSON: ${response.content}</arg>
<doc>Logs the given message to the console.</doc>
<status status="PASS" starttime="20240814 12:15:39.698" endtime="20240814 12:15:39.698"/>
</kw>
<doc>This test case to Save a Form.</doc>
<tag>TCC02</tag>
<status status="PASS" starttime="20240814 12:15:37.981" endtime="20240814 12:15:39.698"/>
</test>
<test id="s1-s2-s1-s1-s1-t8" name="Complete WorkflowEngine" line="151">
<kw name="Load Json From File" library="JSONLibrary">
<var>${formJson}</var>
<arg>${JSONPATH}//next-gen-platform//component//form//form.json</arg>
<doc>Load JSON from file.</doc>
<status status="PASS" starttime="20240814 12:15:39.698" endtime="20240814 12:15:39.698"/>
</kw>
<kw name="Set Variable" library="BuiltIn">
<var>${createForm}</var>
<arg>${formJson["cwCreateForm"]}</arg>
<doc>Returns the given values which can then be assigned to a variables.</doc>
<status status="PASS" starttime="20240814 12:15:39.698" endtime="20240814 12:15:39.698"/>
</kw>
<kw name="Set Variable" library="BuiltIn">
<var>${updateWorkflow}</var>
<arg>${formJson["updateWorkflow"]}</arg>
<doc>Returns the given values which can then be assigned to a variables.</doc>
<status status="PASS" starttime="20240814 12:15:39.698" endtime="20240814 12:15:39.698"/>
</kw>
<kw name="Set Variable" library="BuiltIn">
<var>${acceptForm}</var>
<arg>${formJson["acceptForm"]}</arg>
<doc>Returns the given values which can then be assigned to a variables.</doc>
<status status="PASS" starttime="20240814 12:15:39.713" endtime="20240814 12:15:39.713"/>
</kw>
<kw name="Create Dictionary" library="BuiltIn">
<var>${headers}</var>
<arg>Content-Type=application/json</arg>
<arg>Authorization=Bearer ${auth_token}</arg>
<doc>Creates and returns a dictionary based on the given ``items``.</doc>
<status status="PASS" starttime="20240814 12:15:39.713" endtime="20240814 12:15:39.713"/>
</kw>
<kw name="Get Api" library="api-keywords">
<var>${response}</var>
<arg>${URL}/GenerateUniqueId/${formType}</arg>
<arg>${headers}</arg>
<doc>Send the Get Api call, with or without JSON body</doc>
<kw name="Parse Json To Dictionary" library="CustomLibrary">
<var>${body_dictionary}</var>
<arg>${json_body}</arg>
<status status="PASS" starttime="20240814 12:15:39.713" endtime="20240814 12:15:39.713"/>
</kw>
<kw name="Parse Json To Dictionary" library="CustomLibrary">
<var>${parameter_object}</var>
<arg>${data}</arg>
<status status="PASS" starttime="20240814 12:15:39.713" endtime="20240814 12:15:39.713"/>
</kw>
<kw name="GET" library="RequestsLibrary">
<var>${response}</var>
<arg>${url}</arg>
<arg>params=${parameter_object}</arg>
<arg>json=${body_dictionary}</arg>
<arg>headers=${headers}</arg>
<doc>Sends a GET request.</doc>
<status status="PASS" starttime="20240814 12:15:39.713" endtime="20240814 12:15:41.154"/>
</kw>
<return>
<value>${response}</value>
<status status="PASS" starttime="20240814 12:15:41.154" endtime="20240814 12:15:41.154"/>
</return>
<status status="PASS" starttime="20240814 12:15:39.713" endtime="20240814 12:15:41.154"/>
</kw>
<kw name="Decode Bytes To String" library="String">
<var>${decodedUniqueId}</var>
<arg>${response.content}</arg>
<arg>utf-8</arg>
<doc>Decodes the given ``bytes`` to a Unicode string using the given ``encoding``.</doc>
<status status="PASS" starttime="20240814 12:15:41.154" endtime="20240814 12:15:41.154"/>
</kw>
<kw name="Set Variable" library="BuiltIn">
<var>${uniqueId}</var>
<arg>${decodedUniqueId}</arg>
<doc>Returns the given values which can then be assigned to a variables.</doc>
<status status="PASS" starttime="20240814 12:15:41.154" endtime="20240814 12:15:41.154"/>
</kw>
<kw name="Generate Random String" library="String">
<var>${uniqueFormName}</var>
<arg>10</arg>
<arg>[LETTERS]</arg>
<doc>Generates a string with a desired ``length`` from the given ``chars``.</doc>
<status status="PASS" starttime="20240814 12:15:41.154" endtime="20240814 12:15:41.154"/>
</kw>
<kw name="Set Suite Variable" library="BuiltIn">
<arg>${formName}</arg>
<arg>robotForm_${uniqueFormName}</arg>
<doc>Makes a variable available everywhere within the scope of the current suite.</doc>
<status status="PASS" starttime="20240814 12:15:41.154" endtime="20240814 12:15:41.154"/>
</kw>
<kw name="Set Variable" library="BuiltIn">
<var>${workflowId}</var>
<arg>190</arg>
<doc>Returns the given values which can then be assigned to a variables.</doc>
<status status="PASS" starttime="20240814 12:15:41.163" endtime="20240814 12:15:41.164"/>
</kw>
<kw name="Set To Dictionary" library="Collections">
<arg>${createForm}</arg>
<arg>uniqueId</arg>
<arg>${uniqueId}</arg>
<doc>Adds the given ``key_value_pairs`` and/or ``items`` to the ``dictionary``.</doc>
<status status="PASS" starttime="20240814 12:15:41.164" endtime="20240814 12:15:41.164"/>
</kw>
<kw name="Set To Dictionary" library="Collections">
<arg>${createForm['workflow']}</arg>
<arg>workflowId</arg>
<arg>${workflowId}</arg>
<doc>Adds the given ``key_value_pairs`` and/or ``items`` to the ``dictionary``.</doc>
<status status="PASS" starttime="20240814 12:15:41.164" endtime="20240814 12:15:41.164"/>
</kw>
<kw name="Set To Dictionary" library="Collections">
<arg>${createForm}</arg>
<arg>formName</arg>
<arg>${formName}</arg>
<doc>Adds the given ``key_value_pairs`` and/or ``items`` to the ``dictionary``.</doc>
<status status="PASS" starttime="20240814 12:15:41.164" endtime="20240814 12:15:41.164"/>
</kw>
<kw name="Set To Dictionary" library="Collections">
<arg>${createForm}</arg>
<arg>workflowId</arg>
<arg>${workflowId}</arg>
<doc>Adds the given ``key_value_pairs`` and/or ``items`` to the ``dictionary``.</doc>
<status status="PASS" starttime="20240814 12:15:41.164" endtime="20240814 12:15:41.164"/>
</kw>
<kw name="Post Api" library="api-keywords">
<var>${response}</var>
<arg>${URL}/Create</arg>
<arg>${headers}</arg>
<arg>${createForm}</arg>
<kw name="POST" library="RequestsLibrary">
<var>${response}</var>
<arg>${url}</arg>
<arg>json=${json_body}</arg>
<arg>headers=${headers}</arg>
<doc>Sends a POST request.</doc>
<status status="PASS" starttime="20240814 12:15:41.164" endtime="20240814 12:15:42.655"/>
</kw>
<return>
<value>${response}</value>
<status status="PASS" starttime="20240814 12:15:42.655" endtime="20240814 12:15:42.655"/>
</return>
<status status="PASS" starttime="20240814 12:15:41.164" endtime="20240814 12:15:42.655"/>
</kw>
<kw name="Set Variable" library="BuiltIn">
<var>${formId}</var>
<arg>${response.json()['data']['formId']}</arg>
<doc>Returns the given values which can then be assigned to a variables.</doc>
<status status="PASS" starttime="20240814 12:15:42.655" endtime="20240814 12:15:42.666"/>
</kw>
<kw name="Set To Dictionary" library="Collections">
<arg>${updateWorkflow}</arg>
<arg>instanceId</arg>
<arg>${formId}</arg>
<doc>Adds the given ``key_value_pairs`` and/or ``items`` to the ``dictionary``.</doc>
<status status="PASS" starttime="20240814 12:15:42.666" endtime="20240814 12:15:42.666"/>
</kw>
<kw name="Set To Dictionary" library="Collections">
<arg>${updateWorkflow}</arg>
<arg>workflowId</arg>
<arg>${workflowId}</arg>
<doc>Adds the given ``key_value_pairs`` and/or ``items`` to the ``dictionary``.</doc>
<status status="PASS" starttime="20240814 12:15:42.666" endtime="20240814 12:15:42.670"/>
</kw>
<kw name="Set To Dictionary" library="Collections">
<arg>${updateWorkflow['emailMetadata']}</arg>
<arg>ComponentName</arg>
<arg>${formName}</arg>
<doc>Adds the given ``key_value_pairs`` and/or ``items`` to the ``dictionary``.</doc>
<status status="PASS" starttime="20240814 12:15:42.672" endtime="20240814 12:15:42.672"/>
</kw>
<kw name="Set To Dictionary" library="Collections">
<arg>${updateWorkflow['emailMetadata']}</arg>
<arg>ComponentUniqueId</arg>
<arg>${uniqueId}</arg>
<doc>Adds the given ``key_value_pairs`` and/or ``items`` to the ``dictionary``.</doc>
<status status="PASS" starttime="20240814 12:15:42.672" endtime="20240814 12:15:42.672"/>
</kw>
<kw name="Put Api" library="api-keywords">
<var>${response}</var>
<arg>${WorkflowURL}/Update</arg>
<arg>${headers}</arg>
<arg>${updateWorkflow}</arg>
<kw name="PUT" library="RequestsLibrary">
<var>${response}</var>
<arg>${url}</arg>
<arg>json=${json_body}</arg>
<arg>headers=${headers}</arg>
<doc>Sends a PUT request.</doc>
<status status="PASS" starttime="20240814 12:15:42.672" endtime="20240814 12:15:44.416"/>
</kw>
<return>
<value>${response}</value>
<status status="PASS" starttime="20240814 12:15:44.416" endtime="20240814 12:15:44.416"/>
</return>
<status status="PASS" starttime="20240814 12:15:42.672" endtime="20240814 12:15:44.416"/>
</kw>
<kw name="Set Variable" library="BuiltIn">
<var>${nodeId}</var>
<arg>${response.json()['data']['entityWorkflowUsers'][0]['nodeId']}</arg>
<doc>Returns the given values which can then be assigned to a variables.</doc>
<status status="PASS" starttime="20240814 12:15:44.416" endtime="20240814 12:15:44.416"/>
</kw>
<kw name="Post Api" library="api-keywords">
<var>${response}</var>
<arg>${URL}/CreateWorkflowUsers</arg>
<arg>${headers}</arg>
<arg>${response.json()['data']}</arg>
<kw name="POST" library="RequestsLibrary">
<var>${response}</var>
<arg>${url}</arg>
<arg>json=${json_body}</arg>
<arg>headers=${headers}</arg>
<doc>Sends a POST request.</doc>
<status status="PASS" starttime="20240814 12:15:44.431" endtime="20240814 12:15:46.304"/>
</kw>
<return>
<value>${response}</value>
<status status="PASS" starttime="20240814 12:15:46.304" endtime="20240814 12:15:46.304"/>
</return>
<status status="PASS" starttime="20240814 12:15:44.431" endtime="20240814 12:15:46.304"/>
</kw>
<kw name="Set To Dictionary" library="Collections">
<arg>${acceptForm}</arg>
<arg>instanceId</arg>
<arg>${formId}</arg>
<doc>Adds the given ``key_value_pairs`` and/or ``items`` to the ``dictionary``.</doc>
<status status="PASS" starttime="20240814 12:15:46.304" endtime="20240814 12:15:46.304"/>
</kw>
<kw name="Set To Dictionary" library="Collections">
<arg>${acceptForm}</arg>
<arg>nodeId</arg>
<arg>${nodeId}</arg>
<doc>Adds the given ``key_value_pairs`` and/or ``items`` to the ``dictionary``.</doc>
<status status="PASS" starttime="20240814 12:15:46.316" endtime="20240814 12:15:46.316"/>
</kw>
<kw name="Set To Dictionary" library="Collections">
<arg>${acceptForm}</arg>
<arg>successMsg</arg>
<arg>${uniqueId}-${formName}</arg>
<doc>Adds the given ``key_value_pairs`` and/or ``items`` to the ``dictionary``.</doc>
<status status="PASS" starttime="20240814 12:15:46.316" endtime="20240814 12:15:46.316"/>
</kw>
<kw name="Set To Dictionary" library="Collections">
<arg>${acceptForm['emailMetadata']}</arg>
<arg>ComponentName</arg>
<arg>${formName}</arg>
<doc>Adds the given ``key_value_pairs`` and/or ``items`` to the ``dictionary``.</doc>
<status status="PASS" starttime="20240814 12:15:46.316" endtime="20240814 12:15:46.319"/>
</kw>
<kw name="Set To Dictionary" library="Collections">
<arg>${acceptForm['emailMetadata']}</arg>
<arg>ComponentUniqueId</arg>
<arg>${uniqueId}</arg>
<doc>Adds the given ``key_value_pairs`` and/or ``items`` to the ``dictionary``.</doc>
<status status="PASS" starttime="20240814 12:15:46.319" endtime="20240814 12:15:46.319"/>
</kw>
<kw name="Put Api" library="api-keywords">
<var>${response}</var>
<arg>${WorkflowURL}/Accept</arg>
<arg>${headers}</arg>
<arg>${acceptForm}</arg>
<kw name="PUT" library="RequestsLibrary">
<var>${response}</var>
<arg>${url}</arg>
<arg>json=${json_body}</arg>
<arg>headers=${headers}</arg>
<doc>Sends a PUT request.</doc>
<status status="PASS" starttime="20240814 12:15:46.319" endtime="20240814 12:15:48.083"/>
</kw>
<return>
<value>${response}</value>
<status status="PASS" starttime="20240814 12:15:48.083" endtime="20240814 12:15:48.083"/>
</return>
<status status="PASS" starttime="20240814 12:15:46.319" endtime="20240814 12:15:48.083"/>
</kw>
<kw name="Verify Response Code" library="api-keywords">
<arg>${response.status_code}</arg>
<arg>200</arg>
<doc>This keyword is to verify whether the response code is 200</doc>
<kw name="Should Be Equal As Integers" library="BuiltIn">
<arg>${actual_response_code}</arg>
<arg>${expected_response_code}</arg>
<doc>Fails if objects are unequal after converting them to integers.</doc>
<status status="PASS" starttime="20240814 12:15:48.091" endtime="20240814 12:15:48.091"/>
</kw>
<status status="PASS" starttime="20240814 12:15:48.091" endtime="20240814 12:15:48.091"/>
</kw>
<kw name="Put Api" library="api-keywords">
<var>${response}</var>
<arg>${WorkflowURL}/Complete</arg>
<arg>${headers}</arg>
<arg>${acceptForm}</arg>
<kw name="PUT" library="RequestsLibrary">
<var>${response}</var>
<arg>${url}</arg>
<arg>json=${json_body}</arg>
<arg>headers=${headers}</arg>
<doc>Sends a PUT request.</doc>
<status status="PASS" starttime="20240814 12:15:48.095" endtime="20240814 12:15:49.815"/>
</kw>
<return>
<value>${response}</value>
<status status="PASS" starttime="20240814 12:15:49.815" endtime="20240814 12:15:49.815"/>
</return>
<status status="PASS" starttime="20240814 12:15:48.091" endtime="20240814 12:15:49.815"/>
</kw>
<kw name="Verify Response Code" library="api-keywords">
<arg>${response.status_code}</arg>
<arg>200</arg>
<doc>This keyword is to verify whether the response code is 200</doc>
<kw name="Should Be Equal As Integers" library="BuiltIn">
<arg>${actual_response_code}</arg>
<arg>${expected_response_code}</arg>
<doc>Fails if objects are unequal after converting them to integers.</doc>
<status status="PASS" starttime="20240814 12:15:49.831" endtime="20240814 12:15:49.831"/>
</kw>
<status status="PASS" starttime="20240814 12:15:49.831" endtime="20240814 12:15:49.831"/>
</kw>
<kw name="Verify Response Field" library="api-keywords">
<arg>${response}</arg>
<arg>message</arg>
<arg>Workflow completed successfully</arg>
<doc>This keyword is to verify whether the response variable in the JSON first level is equal to the expected_value</doc>
<kw name="Evaluate" library="BuiltIn">
<var>${actual_value}</var>
<arg>${response.json()}.get("${key}", None)</arg>
<doc>Evaluates the given expression in Python and returns the result.</doc>
<status status="PASS" starttime="20240814 12:15:49.836" endtime="20240814 12:15:49.836"/>
</kw>
<kw name="Should Be Equal As Strings" library="BuiltIn">
<arg>${actual_value}</arg>
<arg>${expected_value}</arg>
<doc>Fails if objects are unequal after converting them to strings.</doc>
<status status="PASS" starttime="20240814 12:15:49.836" endtime="20240814 12:15:49.836"/>
</kw>
<status status="PASS" starttime="20240814 12:15:49.831" endtime="20240814 12:15:49.836"/>
</kw>
<kw name="Post Api" library="api-keywords">
<var>${response}</var>
<arg>${URL}/CreateWorkflowUsers</arg>
<arg>${headers}</arg>
<arg>${response.json()['data']}</arg>
<kw name="POST" library="RequestsLibrary">
<var>${response}</var>
<arg>${url}</arg>
<arg>json=${json_body}</arg>
<arg>headers=${headers}</arg>
<doc>Sends a POST request.</doc>
<status status="PASS" starttime="20240814 12:15:49.836" endtime="20240814 12:15:51.890"/>
</kw>
<return>
<value>${response}</value>
<status status="PASS" starttime="20240814 12:15:51.890" endtime="20240814 12:15:51.890"/>
</return>
<status status="PASS" starttime="20240814 12:15:49.836" endtime="20240814 12:15:51.890"/>
</kw>
<kw name="Verify Response Code" library="api-keywords">
<arg>${response.status_code}</arg>
<arg>200</arg>
<doc>This keyword is to verify whether the response code is 200</doc>
<kw name="Should Be Equal As Integers" library="BuiltIn">
<arg>${actual_response_code}</arg>
<arg>${expected_response_code}</arg>
<doc>Fails if objects are unequal after converting them to integers.</doc>
<status status="PASS" starttime="20240814 12:15:51.898" endtime="20240814 12:15:51.898"/>
</kw>
<status status="PASS" starttime="20240814 12:15:51.890" endtime="20240814 12:15:51.898"/>
</kw>
<kw name="Verify Response Field" library="api-keywords">
<arg>${response}</arg>
<arg>message</arg>
<arg>Workflow users saved successfully</arg>
<doc>This keyword is to verify whether the response variable in the JSON first level is equal to the expected_value</doc>
<kw name="Evaluate" library="BuiltIn">
<var>${actual_value}</var>
<arg>${response.json()}.get("${key}", None)</arg>
<doc>Evaluates the given expression in Python and returns the result.</doc>
<status status="PASS" starttime="20240814 12:15:51.898" endtime="20240814 12:15:51.898"/>
</kw>
<kw name="Should Be Equal As Strings" library="BuiltIn">
<arg>${actual_value}</arg>
<arg>${expected_value}</arg>
<doc>Fails if objects are unequal after converting them to strings.</doc>
<status status="PASS" starttime="20240814 12:15:51.898" endtime="20240814 12:15:51.898"/>
</kw>
<status status="PASS" starttime="20240814 12:15:51.898" endtime="20240814 12:15:51.906"/>
</kw>
<doc>This test case to Create WorkflowEngine.</doc>
<tag>TCWE05</tag>
<status status="PASS" starttime="20240814 12:15:39.698" endtime="20240814 12:15:51.906"/>
</test>
<test id="s1-s2-s1-s1-s1-t9" name="Get Form Name" line="206">
<kw name="Load Json From File" library="JSONLibrary">
<var>${formData}</var>
<arg>${JSONPATH}//next-gen-platform//component//form//form.json</arg>
<doc>Load JSON from file.</doc>
<status status="PASS" starttime="20240814 12:15:51.908" endtime="20240814 12:15:51.908"/>
</kw>
<kw name="Set Variable" library="BuiltIn">
<var>${viewFormId}</var>
<arg>${newFormId}</arg>
<doc>Returns the given values which can then be assigned to a variables.</doc>
<status status="PASS" starttime="20240814 12:15:51.908" endtime="20240814 12:15:51.908"/>
</kw>
<kw name="Create Dictionary" library="BuiltIn">
<var>${headers}</var>
<arg>Content-Type=application/json</arg>
<arg>Authorization=Bearer ${auth_token}</arg>
<doc>Creates and returns a dictionary based on the given ``items``.</doc>
<status status="PASS" starttime="20240814 12:15:51.916" endtime="20240814 12:15:51.916"/>
</kw>
<kw name="Get Api" library="api-keywords">
<var>${response}</var>
<arg>${URL}/GetFormName?id=${viewFormId}</arg>
<arg>${headers}</arg>
<doc>Send the Get Api call, with or without JSON body</doc>
<kw name="Parse Json To Dictionary" library="CustomLibrary">
<var>${body_dictionary}</var>
<arg>${json_body}</arg>
<status status="PASS" starttime="20240814 12:15:51.916" endtime="20240814 12:15:51.916"/>
</kw>
<kw name="Parse Json To Dictionary" library="CustomLibrary">
<var>${parameter_object}</var>
<arg>${data}</arg>
<status status="PASS" starttime="20240814 12:15:51.916" endtime="20240814 12:15:51.916"/>
</kw>
<kw name="GET" library="RequestsLibrary">
<var>${response}</var>
<arg>${url}</arg>
<arg>params=${parameter_object}</arg>
<arg>json=${body_dictionary}</arg>
<arg>headers=${headers}</arg>
<doc>Sends a GET request.</doc>
<status status="PASS" starttime="20240814 12:15:51.916" endtime="20240814 12:15:53.618"/>
</kw>
<return>
<value>${response}</value>
<status status="PASS" starttime="20240814 12:15:53.618" endtime="20240814 12:15:53.618"/>
</return>
<status status="PASS" starttime="20240814 12:15:51.916" endtime="20240814 12:15:53.618"/>
</kw>
<kw name="Verify Response Code" library="api-keywords">
<arg>${response.status_code}</arg>
<arg>200</arg>
<doc>This keyword is to verify whether the response code is 200</doc>
<kw name="Should Be Equal As Integers" library="BuiltIn">
<arg>${actual_response_code}</arg>
<arg>${expected_response_code}</arg>
<doc>Fails if objects are unequal after converting them to integers.</doc>
<status status="PASS" starttime="20240814 12:15:53.618" endtime="20240814 12:15:53.618"/>
</kw>
<status status="PASS" starttime="20240814 12:15:53.618" endtime="20240814 12:15:53.618"/>
</kw>
<kw name="Verify Response Field" library="api-keywords">
<arg>${response}</arg>
<arg>message</arg>
<arg>Form retrieved successfully</arg>
<doc>This keyword is to verify whether the response variable in the JSON first level is equal to the expected_value</doc>
<kw name="Evaluate" library="BuiltIn">
<var>${actual_value}</var>
<arg>${response.json()}.get("${key}", None)</arg>
<doc>Evaluates the given expression in Python and returns the result.</doc>
<status status="PASS" starttime="20240814 12:15:53.618" endtime="20240814 12:15:53.618"/>
</kw>
<kw name="Should Be Equal As Strings" library="BuiltIn">
<arg>${actual_value}</arg>
<arg>${expected_value}</arg>
<doc>Fails if objects are unequal after converting them to strings.</doc>
<status status="PASS" starttime="20240814 12:15:53.618" endtime="20240814 12:15:53.618"/>
</kw>
<status status="PASS" starttime="20240814 12:15:53.618" endtime="20240814 12:15:53.618"/>
</kw>
<kw name="Log To Console" library="BuiltIn">
<arg>Response JSON: ${response.content}</arg>
<doc>Logs the given message to the console.</doc>
<status status="PASS" starttime="20240814 12:15:53.618" endtime="20240814 12:15:53.618"/>
</kw>
<doc>This test case to View Form Details using Id and NodeId as params.</doc>
<tag>TCWE04</tag>
<status status="PASS" starttime="20240814 12:15:51.906" endtime="20240814 12:15:53.618"/>
</test>
<test id="s1-s2-s1-s1-s1-t10" name="Get form in batch" line="224">
<kw name="Create Dictionary" library="BuiltIn">
<var>${headers}</var>
<arg>Content-Type=application/json</arg>
<arg>Authorization=Bearer ${auth_token}</arg>
<doc>Creates and returns a dictionary based on the given ``items``.</doc>
<status status="PASS" starttime="20240814 12:15:53.635" endtime="20240814 12:15:53.635"/>
</kw>
<kw name="Get Api" library="api-keywords">
<var>${response}</var>
<arg>${URL}/GetBatch?batchNumber=1&amp;batchSize=10&amp;sortKey=uniqueId&amp;sortOrder=asc&amp;searchKey=robot&amp;filterModels=[]</arg>
<arg>${headers}</arg>
<doc>Send the Get Api call, with or without JSON body</doc>
<kw name="Parse Json To Dictionary" library="CustomLibrary">
<var>${body_dictionary}</var>
<arg>${json_body}</arg>
<status status="PASS" starttime="20240814 12:15:53.635" endtime="20240814 12:15:53.635"/>
</kw>
<kw name="Parse Json To Dictionary" library="CustomLibrary">
<var>${parameter_object}</var>
<arg>${data}</arg>
<status status="PASS" starttime="20240814 12:15:53.635" endtime="20240814 12:15:53.635"/>
</kw>
<kw name="GET" library="RequestsLibrary">
<var>${response}</var>
<arg>${url}</arg>
<arg>params=${parameter_object}</arg>
<arg>json=${body_dictionary}</arg>
<arg>headers=${headers}</arg>
<doc>Sends a GET request.</doc>
<status status="PASS" starttime="20240814 12:15:53.635" endtime="20240814 12:15:55.770"/>
</kw>
<return>
<value>${response}</value>
<status status="PASS" starttime="20240814 12:15:55.770" endtime="20240814 12:15:55.770"/>
</return>
<status status="PASS" starttime="20240814 12:15:53.635" endtime="20240814 12:15:55.770"/>
</kw>
<kw name="Verify Response Code" library="api-keywords">
<arg>${response.status_code}</arg>
<arg>200</arg>
<doc>This keyword is to verify whether the response code is 200</doc>
<kw name="Should Be Equal As Integers" library="BuiltIn">
<arg>${actual_response_code}</arg>
<arg>${expected_response_code}</arg>
<doc>Fails if objects are unequal after converting them to integers.</doc>
<status status="PASS" starttime="20240814 12:15:55.770" endtime="20240814 12:15:55.770"/>
</kw>
<status status="PASS" starttime="20240814 12:15:55.770" endtime="20240814 12:15:55.770"/>
</kw>
<kw name="Verify Response Field" library="api-keywords">
<arg>${response}</arg>
<arg>message</arg>
<arg>Batch of forms retrieved successfully</arg>
<doc>This keyword is to verify whether the response variable in the JSON first level is equal to the expected_value</doc>
<kw name="Evaluate" library="BuiltIn">
<var>${actual_value}</var>
<arg>${response.json()}.get("${key}", None)</arg>
<doc>Evaluates the given expression in Python and returns the result.</doc>
<status status="PASS" starttime="20240814 12:15:55.770" endtime="20240814 12:15:55.788"/>
</kw>
<kw name="Should Be Equal As Strings" library="BuiltIn">
<arg>${actual_value}</arg>
<arg>${expected_value}</arg>
<doc>Fails if objects are unequal after converting them to strings.</doc>
<status status="PASS" starttime="20240814 12:15:55.788" endtime="20240814 12:15:55.788"/>
</kw>
<status status="PASS" starttime="20240814 12:15:55.770" endtime="20240814 12:15:55.788"/>
</kw>
<kw name="Log To Console" library="BuiltIn">
<arg>Response JSON: ${response.content}</arg>
<doc>Logs the given message to the console.</doc>
<status status="PASS" starttime="20240814 12:15:55.788" endtime="20240814 12:15:55.791"/>
</kw>
<doc>This test case to Get form in batch.</doc>
<tag>TCC02</tag>
<status status="PASS" starttime="20240814 12:15:53.635" endtime="20240814 12:15:55.796"/>
</test>
<test id="s1-s2-s1-s1-s1-t11" name="Get all Active Forms." line="240">
<kw name="Load Json From File" library="JSONLibrary">
<var>${formJson}</var>
<arg>${JSONPATH}//next-gen-platform//component//form//form.json</arg>
<doc>Load JSON from file.</doc>
<status status="PASS" starttime="20240814 12:15:55.802" endtime="20240814 12:15:55.802"/>
</kw>
<kw name="Set Variable" library="BuiltIn">
<var>${form_forSpecificBusinessStructure}</var>
<arg>${formJson['getAllActiveForm']['form_forSpecificBusinessStructure']}</arg>
<doc>Returns the given values which can then be assigned to a variables.</doc>
<status status="PASS" starttime="20240814 12:15:55.802" endtime="20240814 12:15:55.802"/>
</kw>
<kw name="Set Variable" library="BuiltIn">
<var>${form_formType}</var>
<arg>${formJson['getAllActiveForm']['form_formType']}</arg>
<doc>Returns the given values which can then be assigned to a variables.</doc>
<status status="PASS" starttime="20240814 12:15:55.802" endtime="20240814 12:15:55.802"/>
</kw>
<kw name="Set Variable" library="BuiltIn">
<var>${form_applicableTo}</var>
<arg>${formJson['getAllActiveForm']['form_applicableTo']}</arg>
<doc>Returns the given values which can then be assigned to a variables.</doc>
<status status="PASS" starttime="20240814 12:15:55.802" endtime="20240814 12:15:55.802"/>
</kw>
<kw name="Create Dictionary" library="BuiltIn">
<var>${headers}</var>
<arg>Content-Type=application/json</arg>
<arg>Authorization=Bearer ${auth_token}</arg>
<doc>Creates and returns a dictionary based on the given ``items``.</doc>
<status status="PASS" starttime="20240814 12:15:55.802" endtime="20240814 12:15:55.802"/>
</kw>
<kw name="Get Api" library="api-keywords">
<var>${response}</var>
<arg>${URL}/GetActive?id=${newFormId}&amp;forSpecificBusinessStructure=${form_forSpecificBusinessStructure}&amp;formType=${form_formType}&amp;applicableTo=${form_applicableTo}</arg>
<arg>${headers}</arg>
<doc>Send the Get Api call, with or without JSON body</doc>
<kw name="Parse Json To Dictionary" library="CustomLibrary">
<var>${body_dictionary}</var>
<arg>${json_body}</arg>
<status status="PASS" starttime="20240814 12:15:55.817" endtime="20240814 12:15:55.817"/>
</kw>
<kw name="Parse Json To Dictionary" library="CustomLibrary">
<var>${parameter_object}</var>
<arg>${data}</arg>
<status status="PASS" starttime="20240814 12:15:55.817" endtime="20240814 12:15:55.817"/>
</kw>
<kw name="GET" library="RequestsLibrary">
<var>${response}</var>
<arg>${url}</arg>
<arg>params=${parameter_object}</arg>
<arg>json=${body_dictionary}</arg>
<arg>headers=${headers}</arg>
<doc>Sends a GET request.</doc>
<status status="PASS" starttime="20240814 12:15:55.817" endtime="20240814 12:15:57.505"/>
</kw>
<return>
<value>${response}</value>
<status status="PASS" starttime="20240814 12:15:57.505" endtime="20240814 12:15:57.505"/>
</return>
<status status="PASS" starttime="20240814 12:15:55.817" endtime="20240814 12:15:57.505"/>
</kw>
<kw name="Verify Response Code" library="api-keywords">
<arg>${response.status_code}</arg>
<arg>200</arg>
<doc>This keyword is to verify whether the response code is 200</doc>
<kw name="Should Be Equal As Integers" library="BuiltIn">
<arg>${actual_response_code}</arg>
<arg>${expected_response_code}</arg>
<doc>Fails if objects are unequal after converting them to integers.</doc>
<status status="PASS" starttime="20240814 12:15:57.521" endtime="20240814 12:15:57.521"/>
</kw>
<status status="PASS" starttime="20240814 12:15:57.520" endtime="20240814 12:15:57.521"/>
</kw>
<kw name="Verify Response Field" library="api-keywords">
<arg>${response}</arg>
<arg>message</arg>
<arg>Active forms retrieved successfully</arg>
<doc>This keyword is to verify whether the response variable in the JSON first level is equal to the expected_value</doc>
<kw name="Evaluate" library="BuiltIn">
<var>${actual_value}</var>
<arg>${response.json()}.get("${key}", None)</arg>
<doc>Evaluates the given expression in Python and returns the result.</doc>
<status status="PASS" starttime="20240814 12:15:57.521" endtime="20240814 12:15:57.521"/>
</kw>
<kw name="Should Be Equal As Strings" library="BuiltIn">
<arg>${actual_value}</arg>
<arg>${expected_value}</arg>
<doc>Fails if objects are unequal after converting them to strings.</doc>
<status status="PASS" starttime="20240814 12:15:57.521" endtime="20240814 12:15:57.521"/>
</kw>
<status status="PASS" starttime="20240814 12:15:57.521" endtime="20240814 12:15:57.521"/>
</kw>
<kw name="Log To Console" library="BuiltIn">
<arg>Response JSON: ${response.content}</arg>
<doc>Logs the given message to the console.</doc>
<status status="PASS" starttime="20240814 12:15:57.521" endtime="20240814 12:15:57.536"/>
</kw>
<doc>This test case to Get all Active Forms.</doc>
<tag>TCC02</tag>
<status status="PASS" starttime="20240814 12:15:55.796" endtime="20240814 12:15:57.536"/>
</test>
<test id="s1-s2-s1-s1-s1-t12" name="Get SystemValues" line="260">
<kw name="Create Dictionary" library="BuiltIn">
<var>${headers}</var>
<arg>Content-Type=application/json</arg>
<arg>Authorization=Bearer ${auth_token}</arg>
<doc>Creates and returns a dictionary based on the given ``items``.</doc>
[...]
<status status="PASS" starttime="20240814 12:21:34.140" endtime="20240814 12:21:34.140"/>
</kw>
<kw name="Create Dictionary" library="BuiltIn">
<var>${headers}</var>
<arg>Content-Type=application/json</arg>
<arg>Authorization=Bearer ${auth_token}</arg>
<doc>Creates and returns a dictionary based on the given ``items``.</doc>
<status status="PASS" starttime="20240814 12:21:34.140" endtime="20240814 12:21:34.140"/>
</kw>
<kw name="Post Api" library="api-keywords">
<var>${response}</var>
<arg>${PostTagids}</arg>
<arg>${headers}</arg>
<arg>${postBody}</arg>
<kw name="POST" library="RequestsLibrary">
<var>${response}</var>
<arg>${url}</arg>
<arg>json=${json_body}</arg>
<arg>headers=${headers}</arg>
<doc>Sends a POST request.</doc>
<msg timestamp="20240814 12:21:36.174" level="FAIL">ConnectionError: HTTPConnectionPool(host='127.0.0.1', port=1880): Max retries exceeded with url: /v1/entity-configs-template/post_tag_ids (Caused by NewConnectionError('&lt;urllib3.connection.HTTPConnection object at 0x000002773E8B5110&gt;: Failed to establish a new connection: [WinError 10061] No connection could be made because the target machine actively refused it'))</msg>
<status status="FAIL" starttime="20240814 12:21:34.146" endtime="20240814 12:21:36.225"/>
</kw>
<return>
<value>${response}</value>
<status status="NOT RUN" starttime="20240814 12:21:36.225" endtime="20240814 12:21:36.225"/>
</return>
<status status="FAIL" starttime="20240814 12:21:34.146" endtime="20240814 12:21:36.225"/>
</kw>
<kw name="Verify Response Code" library="api-keywords">
<arg>${response.status_code}</arg>
<arg>200</arg>
<doc>This keyword is to verify whether the response code is 200</doc>
<status status="NOT RUN" starttime="20240814 12:21:36.230" endtime="20240814 12:21:36.230"/>
</kw>
<kw name="Set Suite Variable" library="BuiltIn">
<arg>${request_id}</arg>
<arg>${response.json()}</arg>
<doc>Makes a variable available everywhere within the scope of the current suite.</doc>
<status status="NOT RUN" starttime="20240814 12:21:36.230" endtime="20240814 12:21:36.230"/>
</kw>
<kw name="Log To Console" library="BuiltIn">
<arg>Response JSON: ${request_id}</arg>
<doc>Logs the given message to the console.</doc>
<status status="NOT RUN" starttime="20240814 12:21:36.230" endtime="20240814 12:21:36.230"/>
</kw>
<doc>This test create new draft tagids</doc>
<tag>Fast</tag>
<tag>RND-2468</tag>
<status status="FAIL" starttime="20240814 12:21:34.096" endtime="20240814 12:21:36.235">ConnectionError: HTTPConnectionPool(host='127.0.0.1', port=1880): Max retries exceeded with url: /v1/entity-configs-template/post_tag_ids (Caused by NewConnectionError('&lt;urllib3.connection.HTTPConnection object at 0x000002773E8B5110&gt;: Failed to establish a new connection: [WinError 10061] No connection could be made because the target machine actively refused it'))</status>
</test>
<test id="s1-s3-s1-s1-t2" name="GetTagIds" line="32">
<kw name="Log To Console" library="BuiltIn">
<arg>Response JSON: ${request_id['data']['request_id']}</arg>
<doc>Logs the given message to the console.</doc>
<msg timestamp="20240814 12:21:36.239" level="FAIL">Resolving variable '${request_id['data']['request_id']}' failed: TypeError: string indices must be integers, not 'str'</msg>
<status status="FAIL" starttime="20240814 12:21:36.238" endtime="20240814 12:21:36.239"/>
</kw>
<kw name="Create Dictionary" library="BuiltIn">
<var>${headers}</var>
<arg>Content-Type=application/json</arg>
<arg>Authorization=Bearer ${auth_token}</arg>
<doc>Creates and returns a dictionary based on the given ``items``.</doc>
<status status="NOT RUN" starttime="20240814 12:21:36.239" endtime="20240814 12:21:36.239"/>
</kw>
<kw name="Get Api" library="api-keywords">
<var>${response}</var>
<arg>${GetTagIds}</arg>
<arg>${headers}</arg>
<arg>{"requestid": "${request_id['data']['request_id']}"}</arg>
<doc>Send the Get Api call, with or without JSON body</doc>
<status status="NOT RUN" starttime="20240814 12:21:36.239" endtime="20240814 12:21:36.239"/>
</kw>
<kw name="Verify Response Code" library="api-keywords">
<arg>${response.status_code}</arg>
<arg>200</arg>
<doc>This keyword is to verify whether the response code is 200</doc>
<status status="NOT RUN" starttime="20240814 12:21:36.239" endtime="20240814 12:21:36.239"/>
</kw>
<doc>This test get draft tagids</doc>
<tag>Fast</tag>
<tag>RND-2468</tag>
<status status="FAIL" starttime="20240814 12:21:36.237" endtime="20240814 12:21:36.245">Resolving variable '${request_id['data']['request_id']}' failed: TypeError: string indices must be integers, not 'str'</status>
</test>
<test id="s1-s3-s1-s1-t3" name="GetCheckTags" line="44">
<kw name="Log To Console" library="BuiltIn">
<arg>Response JSON: ${request_id['data']['request_id']}</arg>
<doc>Logs the given message to the console.</doc>
<msg timestamp="20240814 12:21:36.247" level="FAIL">Resolving variable '${request_id['data']['request_id']}' failed: TypeError: string indices must be integers, not 'str'</msg>
<status status="FAIL" starttime="20240814 12:21:36.247" endtime="20240814 12:21:36.247"/>
</kw>
<kw name="Create Dictionary" library="BuiltIn">
<var>${headers}</var>
<arg>Content-Type=application/json</arg>
<arg>Authorization=Bearer ${auth_token}</arg>
<doc>Creates and returns a dictionary based on the given ``items``.</doc>
<status status="NOT RUN" starttime="20240814 12:21:36.247" endtime="20240814 12:21:36.247"/>
</kw>
<kw name="Get Api" library="api-keywords">
<var>${response}</var>
<arg>${GetCheckTags}</arg>
<arg>${headers}</arg>
<arg>{"requestid": "${request_id['data']['request_id']}"}</arg>
<doc>Send the Get Api call, with or without JSON body</doc>
<status status="NOT RUN" starttime="20240814 12:21:36.247" endtime="20240814 12:21:36.247"/>
</kw>
<kw name="Verify Response Code" library="api-keywords">
<arg>${response.status_code}</arg>
<arg>200</arg>
<doc>This keyword is to verify whether the response code is 200</doc>
<status status="NOT RUN" starttime="20240814 12:21:36.247" endtime="20240814 12:21:36.247"/>
</kw>
<doc>Check Tags for request id</doc>
<tag>Fast</tag>
<tag>RND-2468</tag>
<status status="FAIL" starttime="20240814 12:21:36.247" endtime="20240814 12:21:36.247">Resolving variable '${request_id['data']['request_id']}' failed: TypeError: string indices must be integers, not 'str'</status>
</test>
<test id="s1-s3-s1-s1-t4" name="GetExistingTagIds" line="56">
<kw name="Create Dictionary" library="BuiltIn">
<var>${headers}</var>
<arg>Content-Type=application/json</arg>
<arg>Authorization=Bearer ${auth_token}</arg>
<doc>Creates and returns a dictionary based on the given ``items``.</doc>
<status status="PASS" starttime="20240814 12:21:36.255" endtime="20240814 12:21:36.255"/>
</kw>
<kw name="Get Api" library="api-keywords">
<var>${response}</var>
<arg>${GetExistingTags}</arg>
<arg>${headers}</arg>
<doc>Send the Get Api call, with or without JSON body</doc>
<kw name="Parse Json To Dictionary" library="CustomLibrary">
<var>${body_dictionary}</var>
<arg>${json_body}</arg>
<status status="PASS" starttime="20240814 12:21:36.255" endtime="20240814 12:21:36.255"/>
</kw>
<kw name="Parse Json To Dictionary" library="CustomLibrary">
<var>${parameter_object}</var>
<arg>${data}</arg>
<status status="PASS" starttime="20240814 12:21:36.255" endtime="20240814 12:21:36.255"/>
</kw>
<kw name="GET" library="RequestsLibrary">
<var>${response}</var>
<arg>${url}</arg>
<arg>params=${parameter_object}</arg>
<arg>json=${body_dictionary}</arg>
<arg>headers=${headers}</arg>
<doc>Sends a GET request.</doc>
<msg timestamp="20240814 12:21:38.296" level="FAIL">ConnectionError: HTTPConnectionPool(host='127.0.0.1', port=1880): Max retries exceeded with url: /v1/entity-configs-template/get_existing_tags?siteid=1&amp;limit=10&amp;offset=0&amp;filterModels=%5B%5D (Caused by NewConnectionError('&lt;urllib3.connection.HTTPConnection object at 0x000002773F669C50&gt;: Failed to establish a new connection: [WinError 10061] No connection could be made because the target machine actively refused it'))</msg>
<status status="FAIL" starttime="20240814 12:21:36.255" endtime="20240814 12:21:38.302"/>
</kw>
<return>
<value>${response}</value>
<status status="NOT RUN" starttime="20240814 12:21:38.302" endtime="20240814 12:21:38.302"/>
</return>
<status status="FAIL" starttime="20240814 12:21:36.255" endtime="20240814 12:21:38.302"/>
</kw>
<kw name="Verify Response Code" library="api-keywords">
<arg>${response.status_code}</arg>
<arg>200</arg>
<doc>This keyword is to verify whether the response code is 200</doc>
<status status="NOT RUN" starttime="20240814 12:21:38.305" endtime="20240814 12:21:38.305"/>
</kw>
<doc>This test get Existing tagids</doc>
<tag>Fast</tag>
<tag>RND-2468</tag>
<status status="FAIL" starttime="20240814 12:21:36.255" endtime="20240814 12:21:38.307">ConnectionError: HTTPConnectionPool(host='127.0.0.1', port=1880): Max retries exceeded with url: /v1/entity-configs-template/get_existing_tags?siteid=1&amp;limit=10&amp;offset=0&amp;filterModels=%5B%5D (Caused by NewConnectionError('&lt;urllib3.connection.HTTPConnection object at 0x000002773F669C50&gt;: Failed to establish a new connection: [WinError 10061] No connection could be made because the target machine actively refused it'))</status>
</test>
<status status="FAIL" starttime="20240814 12:21:34.046" endtime="20240814 12:21:38.307"/>
</suite>
<status status="FAIL" starttime="20240814 12:21:34.040" endtime="20240814 12:21:38.315"/>
</suite>
<status status="FAIL" starttime="20240814 12:21:34.032" endtime="20240814 12:21:38.320"/>
</suite>
<status status="FAIL" starttime="20240814 12:14:40.588" endtime="20240814 12:21:38.332"/>
</suite>
<statistics>
<total>
<stat pass="123" fail="8" skip="0">All Tests</stat>
</total>
<tag>
<stat pass="1" fail="0" skip="0">Active FunctionalRoles</stat>
<stat pass="0" fail="1" skip="0">Active Reasons</stat>
<stat pass="0" fail="4" skip="0">Fast</stat>
<stat pass="2" fail="0" skip="0">Filter By Name</stat>
<stat pass="1" fail="0" skip="0">NGP-4463</stat>
<stat pass="1" fail="0" skip="0">NGP-4464</stat>
<stat pass="1" fail="0" skip="0">NGP-4465</stat>
<stat pass="1" fail="0" skip="0">NGP-4466</stat>
<stat pass="1" fail="0" skip="0">NGP-4467</stat>
<stat pass="1" fail="0" skip="0">NGP-4468</stat>
<stat pass="1" fail="0" skip="0">NGP-4963</stat>
<stat pass="1" fail="0" skip="0">NGP-4964</stat>
<stat pass="1" fail="0" skip="0">NGP-4965</stat>
<stat pass="1" fail="0" skip="0">NGP-4966</stat>
<stat pass="2" fail="0" skip="0">NGP-4967</stat>
<stat pass="0" fail="4" skip="0">RND-2468</stat>
<stat pass="2" fail="0" skip="0">TCC01</stat>
<stat pass="9" fail="0" skip="0">TCC02</stat>
<stat pass="1" fail="0" skip="0">TCD01PostDepartmentTag</stat>
<stat pass="1" fail="0" skip="0">TCD01PostJobTitleTag</stat>
<stat pass="2" fail="0" skip="0">TCD02</stat>
<stat pass="1" fail="0" skip="0">TCD04</stat>
<stat pass="2" fail="0" skip="0">TCD05</stat>
<stat pass="2" fail="0" skip="0">TCD06</stat>
<stat pass="3" fail="0" skip="0">TCD07</stat>
<stat pass="4" fail="0" skip="0">TCD08</stat>
<stat pass="1" fail="0" skip="0">TCE01 PostEntityTag</stat>
<stat pass="1" fail="0" skip="0">TCG01</stat>
<stat pass="1" fail="0" skip="0">TCG02</stat>
<stat pass="1" fail="0" skip="0">TCG03</stat>
<stat pass="1" fail="0" skip="0">TCG04</stat>
<stat pass="1" fail="0" skip="0">TCG06</stat>
<stat pass="1" fail="0" skip="0">TCGT01</stat>
<stat pass="2" fail="0" skip="0">TCJT02</stat>
<stat pass="1" fail="0" skip="0">TCJT03</stat>
<stat pass="1" fail="0" skip="0">TCJT04</stat>
<stat pass="1" fail="0" skip="0">TCJT05</stat>
<stat pass="1" fail="0" skip="0">TCJT06</stat>
<stat pass="1" fail="0" skip="0">TCJT07</stat>
<stat pass="1" fail="0" skip="0">tcn01</stat>
<stat pass="1" fail="0" skip="0">TCR01 RoleTag</stat>
<stat pass="1" fail="0" skip="0">TCR02</stat>
<stat pass="1" fail="0" skip="0">TCR03</stat>
<stat pass="1" fail="0" skip="0">TCR04</stat>
<stat pass="1" fail="0" skip="0">TCR05</stat>
<stat pass="1" fail="0" skip="0">TCR06</stat>
<stat pass="1" fail="0" skip="0">TCR07</stat>
<stat pass="2" fail="0" skip="0">TCR08</stat>
<stat pass="1" fail="0" skip="0">TCRT01</stat>
<stat pass="1" fail="0" skip="0">TCTT01</stat>
<stat pass="1" fail="0" skip="0">TCTT02</stat>
<stat pass="1" fail="0" skip="0">TCTT03</stat>
<stat pass="0" fail="2" skip="0">TCTT04</stat>
<stat pass="1" fail="0" skip="0">TCU01</stat>
<stat pass="1" fail="0" skip="0">TCU02</stat>
<stat pass="1" fail="0" skip="0">TCU03</stat>
<stat pass="1" fail="0" skip="0">TCU04</stat>
<stat pass="1" fail="0" skip="0">TCU05</stat>
<stat pass="1" fail="0" skip="0">TCU06</stat>
<stat pass="2" fail="0" skip="0">TCU07</stat>
<stat pass="1" fail="0" skip="0">TCU08</stat>
<stat pass="1" fail="0" skip="0">TCU09</stat>
<stat pass="1" fail="0" skip="0">TCU10</stat>
<stat pass="1" fail="0" skip="0">TCU11</stat>
<stat pass="1" fail="0" skip="0">TCU12</stat>
<stat pass="1" fail="0" skip="0">TCU13</stat>
<stat pass="1" fail="0" skip="0">TCU15</stat>
<stat pass="0" fail="1" skip="0">TCU16</stat>
<stat pass="1" fail="0" skip="0">tcwe01</stat>
<stat pass="1" fail="0" skip="0">tcwe02</stat>
<stat pass="1" fail="0" skip="0">tcwe03</stat>
<stat pass="5" fail="0" skip="0">TCWE04</stat>
<stat pass="2" fail="0" skip="0">TCWE05</stat>
<stat pass="1" fail="0" skip="0">tcwe06</stat>
<stat pass="1" fail="0" skip="0">tcwe07</stat>
<stat pass="1" fail="0" skip="0">tcwe08</stat>
<stat pass="1" fail="0" skip="0">tcwe09</stat>
<stat pass="1" fail="0" skip="0">tcwe10</stat>
<stat pass="1" fail="0" skip="0">tcwe11</stat>
<stat pass="1" fail="0" skip="0">tcwe12</stat>
<stat pass="1" fail="0" skip="0">tcwe13</stat>
<stat pass="1" fail="0" skip="0">tcwe14</stat>
<stat pass="1" fail="0" skip="0">tcwe15</stat>
<stat pass="1" fail="0" skip="0">tcwe16</stat>
<stat pass="1" fail="0" skip="0">tcwf01</stat>
<stat pass="1" fail="0" skip="0">tcwf02</stat>
<stat pass="1" fail="0" skip="0">tcwf03</stat>
<stat pass="1" fail="0" skip="0">tcwf04</stat>
<stat pass="1" fail="0" skip="0">tcwf05</stat>
<stat pass="1" fail="0" skip="0">tcwf06</stat>
<stat pass="1" fail="0" skip="0">tcwf07</stat>
<stat pass="1" fail="0" skip="0">tcwf08</stat>
<stat pass="1" fail="0" skip="0">tcwf09</stat>
<stat pass="1" fail="0" skip="0">tcwf10</stat>
<stat pass="1" fail="0" skip="0">tcwf11</stat>
<stat pass="1" fail="0" skip="0">tcwf12</stat>
<stat pass="1" fail="0" skip="0">tcwf13</stat>
<stat pass="1" fail="0" skip="0">tcwf14</stat>
<stat pass="1" fail="0" skip="0">View FunctionalRole</stat>
<stat pass="1" fail="0" skip="0">View Reason</stat>
</tag>
<suite>
<stat pass="123" fail="8" skip="0" id="s1" name="Tests">Tests</stat>
<stat pass="1" fail="0" skip="0" id="s1-s1" name="Auth">Tests.Auth</stat>
<stat pass="1" fail="0" skip="0" id="s1-s1-s1" name="Auth">Tests.Auth.Auth</stat>
<stat pass="122" fail="4" skip="0" id="s1-s2" name="Next-Gen-Platform">Tests.Next-Gen-Platform</stat>
<stat pass="47" fail="0" skip="0" id="s1-s2-s1" name="Component">Tests.Next-Gen-Platform.Component</stat>
<stat pass="17" fail="0" skip="0" id="s1-s2-s1-s1" name="Form">Tests.Next-Gen-Platform.Component.Form</stat>
<stat pass="17" fail="0" skip="0" id="s1-s2-s1-s1-s1" name="Form">Tests.Next-Gen-Platform.Component.Form.Form</stat>
<stat pass="14" fail="0" skip="0" id="s1-s2-s1-s2" name="Workflow">Tests.Next-Gen-Platform.Component.Workflow</stat>
<stat pass="14" fail="0" skip="0" id="s1-s2-s1-s2-s1" name="Workflow">Tests.Next-Gen-Platform.Component.Workflow.Workflow</stat>
<stat pass="16" fail="0" skip="0" id="s1-s2-s1-s3" name="Workflow-Engine">Tests.Next-Gen-Platform.Component.Workflow-Engine</stat>
<stat pass="16" fail="0" skip="0" id="s1-s2-s1-s3-s1" name="Workflow-Engine">Tests.Next-Gen-Platform.Component.Workflow-Engine.Workflow-Engine</stat>
<stat pass="2" fail="0" skip="0" id="s1-s2-s2" name="Entity">Tests.Next-Gen-Platform.Entity</stat>
<stat pass="1" fail="0" skip="0" id="s1-s2-s2-s1" name="Entity">Tests.Next-Gen-Platform.Entity.Entity</stat>
<stat pass="1" fail="0" skip="0" id="s1-s2-s2-s1-s1" name="Entity">Tests.Next-Gen-Platform.Entity.Entity.Entity</stat>
<stat pass="1" fail="0" skip="0" id="s1-s2-s2-s2" name="Entity-Group">Tests.Next-Gen-Platform.Entity.Entity-Group</stat>
<stat pass="1" fail="0" skip="0" id="s1-s2-s2-s2-s1" name="Entity-Group">Tests.Next-Gen-Platform.Entity.Entity-Group.Entity-Group</stat>
<stat pass="56" fail="4" skip="0" id="s1-s2-s3" name="Manage">Tests.Next-Gen-Platform.Manage</stat>
<stat pass="9" fail="0" skip="0" id="s1-s2-s3-s1" name="Functional-Role">Tests.Next-Gen-Platform.Manage.Functional-Role</stat>
<stat pass="9" fail="0" skip="0" id="s1-s2-s3-s1-s1" name="Functional-Role">Tests.Next-Gen-Platform.Manage.Functional-Role.Functional-Role</stat>
<stat pass="10" fail="0" skip="0" id="s1-s2-s3-s2" name="Group">Tests.Next-Gen-Platform.Manage.Group</stat>
<stat pass="10" fail="0" skip="0" id="s1-s2-s3-s2-s1" name="Group">Tests.Next-Gen-Platform.Manage.Group.Group</stat>
<stat pass="1" fail="0" skip="0" id="s1-s2-s3-s3" name="Group-Type">Tests.Next-Gen-Platform.Manage.Group-Type</stat>
<stat pass="1" fail="0" skip="0" id="s1-s2-s3-s3-s1" name="Group-Type">Tests.Next-Gen-Platform.Manage.Group-Type.Group-Type</stat>
<stat pass="8" fail="1" skip="0" id="s1-s2-s3-s4" name="Reason">Tests.Next-Gen-Platform.Manage.Reason</stat>
<stat pass="8" fail="1" skip="0" id="s1-s2-s3-s4-s1" name="Reason">Tests.Next-Gen-Platform.Manage.Reason.Reason</stat>
<stat pass="8" fail="0" skip="0" id="s1-s2-s3-s5" name="Role">Tests.Next-Gen-Platform.Manage.Role</stat>
<stat pass="8" fail="0" skip="0" id="s1-s2-s3-s5-s1" name="Role">Tests.Next-Gen-Platform.Manage.Role.Role</stat>
<stat pass="1" fail="0" skip="0" id="s1-s2-s3-s6" name="Role-Type">Tests.Next-Gen-Platform.Manage.Role-Type</stat>
<stat pass="1" fail="0" skip="0" id="s1-s2-s3-s6-s1" name="Role-Type">Tests.Next-Gen-Platform.Manage.Role-Type.Role-Type</stat>
<stat pass="3" fail="2" skip="0" id="s1-s2-s3-s7" name="Transfer-Task">Tests.Next-Gen-Platform.Manage.Transfer-Task</stat>
<stat pass="3" fail="2" skip="0" id="s1-s2-s3-s7-s1" name="Transfer-Task">Tests.Next-Gen-Platform.Manage.Transfer-Task.Transfer-Task</stat>
<stat pass="16" fail="1" skip="0" id="s1-s2-s3-s8" name="User">Tests.Next-Gen-Platform.Manage.User</stat>
<stat pass="16" fail="1" skip="0" id="s1-s2-s3-s8-s1" name="User">Tests.Next-Gen-Platform.Manage.User.User</stat>
<stat pass="1" fail="0" skip="0" id="s1-s2-s4" name="Notification">Tests.Next-Gen-Platform.Notification</stat>
<stat pass="1" fail="0" skip="0" id="s1-s2-s4-s1" name="Notification">Tests.Next-Gen-Platform.Notification.Notification</stat>
<stat pass="1" fail="0" skip="0" id="s1-s2-s4-s1-s1" name="Notification">Tests.Next-Gen-Platform.Notification.Notification.Notification</stat>
<stat pass="16" fail="0" skip="0" id="s1-s2-s5" name="Structure">Tests.Next-Gen-Platform.Structure</stat>
<stat pass="8" fail="0" skip="0" id="s1-s2-s5-s1" name="Department">Tests.Next-Gen-Platform.Structure.Department</stat>
<stat pass="8" fail="0" skip="0" id="s1-s2-s5-s1-s1" name="Department">Tests.Next-Gen-Platform.Structure.Department.Department</stat>
<stat pass="8" fail="0" skip="0" id="s1-s2-s5-s2" name="Job-Title">Tests.Next-Gen-Platform.Structure.Job-Title</stat>
<stat pass="8" fail="0" skip="0" id="s1-s2-s5-s2-s1" name="Job-Title">Tests.Next-Gen-Platform.Structure.Job-Title.Job-Title</stat>
<stat pass="0" fail="4" skip="0" id="s1-s3" name="Vg-Gateway">Tests.Vg-Gateway</stat>
<stat pass="0" fail="4" skip="0" id="s1-s3-s1" name="Entity-Config">Tests.Vg-Gateway.Entity-Config</stat>
<stat pass="0" fail="4" skip="0" id="s1-s3-s1-s1" name="Entity-Config">Tests.Vg-Gateway.Entity-Config.Entity-Config</stat>
</suite>
</statistics>
<errors>
</errors>
</robot>
